0 info it worked if it ends with ok
1 verbose cli [ '/usr/bin/node', '/usr/bin/npm', 'install', '--global', 'mocha' ]
2 info using npm@3.5.2
3 info using node@v8.10.0
4 silly loadCurrentTree Starting
5 silly install loadCurrentTree
6 silly install readGlobalPackageData
7 silly fetchPackageMetaData mocha
8 silly fetchNamedPackageData mocha
9 silly mapToRegistry name mocha
10 silly mapToRegistry using default registry
11 silly mapToRegistry registry https://registry.npmjs.org/
12 silly mapToRegistry uri https://registry.npmjs.org/mocha
13 verbose request uri https://registry.npmjs.org/mocha
14 verbose request no auth needed
15 info attempt registry request try #1 at 14:20:48
16 verbose request id b2ee1b58a7055d03
17 verbose etag W/"71b2b69e703bbbe4c1f1949e4d82bbc0"
18 verbose lastModified Sun, 27 May 2018 08:18:45 GMT
19 http request GET https://registry.npmjs.org/mocha
20 http 200 https://registry.npmjs.org/mocha
21 verbose headers { date: 'Thu, 19 Jul 2018 18:20:49 GMT',
21 verbose headers   'content-type': 'application/json; charset=UTF-8',
21 verbose headers   'transfer-encoding': 'chunked',
21 verbose headers   connection: 'keep-alive',
21 verbose headers   'set-cookie':
21 verbose headers    [ '__cfduid=db438e4b8eb631bdc56ebde933e3c01a41532024449; expires=Fri, 19-Jul-19 18:20:49 GMT; path=/; domain=.registry.npmjs.org; HttpOnly' ],
21 verbose headers   'cache-control': 'max-age=300',
21 verbose headers   'cf-cache-status': 'HIT',
21 verbose headers   'cf-ray': '43cf34470b03baf8-SCL',
21 verbose headers   etag: 'W/"3c46051460b2d0ac52466f5d57349bff"',
21 verbose headers   'expect-ct': 'max-age=604800, report-uri="https://report-uri.cloudflare.com/cdn-cgi/beacon/expect-ct"',
21 verbose headers   'last-modified': 'Mon, 16 Jul 2018 23:49:07 GMT',
21 verbose headers   vary: 'accept-encoding, accept',
21 verbose headers   server: 'cloudflare',
21 verbose headers   'content-encoding': 'gzip' }
22 silly get cb [ 200,
22 silly get   { date: 'Thu, 19 Jul 2018 18:20:49 GMT',
22 silly get     'content-type': 'application/json; charset=UTF-8',
22 silly get     'transfer-encoding': 'chunked',
22 silly get     connection: 'keep-alive',
22 silly get     'set-cookie':
22 silly get      [ '__cfduid=db438e4b8eb631bdc56ebde933e3c01a41532024449; expires=Fri, 19-Jul-19 18:20:49 GMT; path=/; domain=.registry.npmjs.org; HttpOnly' ],
22 silly get     'cache-control': 'max-age=300',
22 silly get     'cf-cache-status': 'HIT',
22 silly get     'cf-ray': '43cf34470b03baf8-SCL',
22 silly get     etag: 'W/"3c46051460b2d0ac52466f5d57349bff"',
22 silly get     'expect-ct': 'max-age=604800, report-uri="https://report-uri.cloudflare.com/cdn-cgi/beacon/expect-ct"',
22 silly get     'last-modified': 'Mon, 16 Jul 2018 23:49:07 GMT',
22 silly get     vary: 'accept-encoding, accept',
22 silly get     server: 'cloudflare',
22 silly get     'content-encoding': 'gzip' } ]
23 verbose get saving mocha to /home/laboratoria/.npm/registry.npmjs.org/mocha/.cache.json
24 silly install normalizeTree
25 silly loadCurrentTree Finishing
26 silly loadIdealTree Starting
27 silly install loadIdealTree
28 silly cloneCurrentTree Starting
29 silly install cloneCurrentTreeToIdealTree
30 silly cloneCurrentTree Finishing
31 silly loadShrinkwrap Starting
32 silly install loadShrinkwrap
33 silly loadShrinkwrap Finishing
34 silly loadAllDepsIntoIdealTree Starting
35 silly install loadAllDepsIntoIdealTree
36 silly resolveWithNewModule mocha@5.2.0 checking installable status
37 silly cache add args [ 'mocha', null ]
38 verbose cache add spec mocha
39 silly cache add parsed spec Result {
39 silly cache add   raw: 'mocha',
39 silly cache add   scope: null,
39 silly cache add   name: 'mocha',
39 silly cache add   rawSpec: '',
39 silly cache add   spec: 'latest',
39 silly cache add   type: 'tag' }
40 silly addNamed mocha@latest
41 verbose addNamed "latest" is being treated as a dist-tag for mocha
42 info addNameTag [ 'mocha', 'latest' ]
43 silly mapToRegistry name mocha
44 silly mapToRegistry using default registry
45 silly mapToRegistry registry https://registry.npmjs.org/
46 silly mapToRegistry uri https://registry.npmjs.org/mocha
47 verbose addNameTag registry:https://registry.npmjs.org/mocha not in flight; fetching
48 verbose get https://registry.npmjs.org/mocha not expired, no request
49 silly addNameTag next cb for mocha with tag latest
50 silly addNamed mocha@5.2.0
51 verbose addNamed "5.2.0" is a plain semver version for mocha
52 silly cache afterAdd mocha@5.2.0
53 verbose afterAdd /home/laboratoria/.npm/mocha/5.2.0/package/package.json not in flight; writing
54 verbose afterAdd /home/laboratoria/.npm/mocha/5.2.0/package/package.json written
55 silly fetchNamedPackageData browser-stdout
56 silly mapToRegistry name browser-stdout
57 silly mapToRegistry using default registry
58 silly mapToRegistry registry https://registry.npmjs.org/
59 silly mapToRegistry uri https://registry.npmjs.org/browser-stdout
60 silly fetchNamedPackageData commander
61 silly mapToRegistry name commander
62 silly mapToRegistry using default registry
63 silly mapToRegistry registry https://registry.npmjs.org/
64 silly mapToRegistry uri https://registry.npmjs.org/commander
65 silly fetchNamedPackageData debug
66 silly mapToRegistry name debug
67 silly mapToRegistry using default registry
68 silly mapToRegistry registry https://registry.npmjs.org/
69 silly mapToRegistry uri https://registry.npmjs.org/debug
70 silly fetchNamedPackageData diff
71 silly mapToRegistry name diff
72 silly mapToRegistry using default registry
73 silly mapToRegistry registry https://registry.npmjs.org/
74 silly mapToRegistry uri https://registry.npmjs.org/diff
75 silly fetchNamedPackageData escape-string-regexp
76 silly mapToRegistry name escape-string-regexp
77 silly mapToRegistry using default registry
78 silly mapToRegistry registry https://registry.npmjs.org/
79 silly mapToRegistry uri https://registry.npmjs.org/escape-string-regexp
80 silly fetchNamedPackageData glob
81 silly mapToRegistry name glob
82 silly mapToRegistry using default registry
83 silly mapToRegistry registry https://registry.npmjs.org/
84 silly mapToRegistry uri https://registry.npmjs.org/glob
85 silly fetchNamedPackageData growl
86 silly mapToRegistry name growl
87 silly mapToRegistry using default registry
88 silly mapToRegistry registry https://registry.npmjs.org/
89 silly mapToRegistry uri https://registry.npmjs.org/growl
90 silly fetchNamedPackageData he
91 silly mapToRegistry name he
92 silly mapToRegistry using default registry
93 silly mapToRegistry registry https://registry.npmjs.org/
94 silly mapToRegistry uri https://registry.npmjs.org/he
95 silly fetchNamedPackageData minimatch
96 silly mapToRegistry name minimatch
97 silly mapToRegistry using default registry
98 silly mapToRegistry registry https://registry.npmjs.org/
99 silly mapToRegistry uri https://registry.npmjs.org/minimatch
100 silly fetchNamedPackageData mkdirp
101 silly mapToRegistry name mkdirp
102 silly mapToRegistry using default registry
103 silly mapToRegistry registry https://registry.npmjs.org/
104 silly mapToRegistry uri https://registry.npmjs.org/mkdirp
105 silly fetchNamedPackageData supports-color
106 silly mapToRegistry name supports-color
107 silly mapToRegistry using default registry
108 silly mapToRegistry registry https://registry.npmjs.org/
109 silly mapToRegistry uri https://registry.npmjs.org/supports-color
110 verbose request uri https://registry.npmjs.org/browser-stdout
111 verbose request no auth needed
112 info attempt registry request try #1 at 14:20:49
113 verbose etag W/"ad7ee1c0c8f38e2f2bef40d5d7f48977"
114 verbose lastModified Sat, 26 May 2018 02:44:08 GMT
115 http request GET https://registry.npmjs.org/browser-stdout
116 verbose request uri https://registry.npmjs.org/escape-string-regexp
117 verbose request no auth needed
118 info attempt registry request try #1 at 14:20:49
119 verbose etag W/"7b9c9b5877ab081e6f93162c43fcc388"
120 verbose lastModified Sat, 26 May 2018 23:42:59 GMT
121 http request GET https://registry.npmjs.org/escape-string-regexp
122 verbose request uri https://registry.npmjs.org/glob
123 verbose request no auth needed
124 info attempt registry request try #1 at 14:20:49
125 verbose etag W/"580c1092d5d71a5c0538143cbdfff62d"
126 verbose lastModified Sun, 27 May 2018 02:29:14 GMT
127 http request GET https://registry.npmjs.org/glob
128 verbose request uri https://registry.npmjs.org/growl
129 verbose request no auth needed
130 info attempt registry request try #1 at 14:20:49
131 verbose etag W/"03a81d3279ea8d2a06fb68c7d68a18c7"
132 verbose lastModified Sun, 27 May 2018 02:48:49 GMT
133 http request GET https://registry.npmjs.org/growl
134 verbose request uri https://registry.npmjs.org/he
135 verbose request no auth needed
136 info attempt registry request try #1 at 14:20:49
137 verbose etag W/"af09edb631715c88de89019147348fc0"
138 verbose lastModified Sun, 27 May 2018 03:37:48 GMT
139 http request GET https://registry.npmjs.org/he
140 verbose request uri https://registry.npmjs.org/minimatch
141 verbose request no auth needed
142 info attempt registry request try #1 at 14:20:49
143 verbose etag W/"6e7e7da96df71be2863b8b8d1fcb5152"
144 verbose lastModified Sun, 27 May 2018 08:07:30 GMT
145 http request GET https://registry.npmjs.org/minimatch
146 verbose request uri https://registry.npmjs.org/mkdirp
147 verbose request no auth needed
148 info attempt registry request try #1 at 14:20:49
149 verbose etag W/"575019521830a7b7f0b40dc0c1937db1"
150 verbose lastModified Sun, 27 May 2018 08:12:45 GMT
151 http request GET https://registry.npmjs.org/mkdirp
152 verbose request uri https://registry.npmjs.org/supports-color
153 verbose request no auth needed
154 info attempt registry request try #1 at 14:20:49
155 verbose etag W/"68d33ab5e25b0728d9c2bb3655672154"
156 verbose lastModified Sun, 27 May 2018 18:38:41 GMT
157 http request GET https://registry.npmjs.org/supports-color
158 verbose request uri https://registry.npmjs.org/diff
159 verbose request no auth needed
160 info attempt registry request try #1 at 14:20:49
161 verbose etag W/"31f9b4169097df711c83690642f97a18"
162 verbose lastModified Sat, 26 May 2018 22:07:14 GMT
163 http request GET https://registry.npmjs.org/diff
164 verbose request uri https://registry.npmjs.org/commander
165 verbose request no auth needed
166 info attempt registry request try #1 at 14:20:49
167 verbose etag W/"16449df6bb684c7a66ed953f8b45c507"
168 verbose lastModified Sat, 09 Jun 2018 19:09:25 GMT
169 http request GET https://registry.npmjs.org/commander
170 verbose request uri https://registry.npmjs.org/debug
171 verbose request no auth needed
172 info attempt registry request try #1 at 14:20:49
173 verbose etag W/"fba3b1e5281ea3e19e268240206ca548"
174 verbose lastModified Sat, 26 May 2018 21:52:39 GMT
175 http request GET https://registry.npmjs.org/debug
176 http 304 https://registry.npmjs.org/growl
177 verbose headers { date: 'Thu, 19 Jul 2018 18:20:49 GMT',
177 verbose headers   connection: 'keep-alive',
177 verbose headers   'set-cookie':
177 verbose headers    [ '__cfduid=dc948d919311649d7b212f0235f4ef32e1532024449; expires=Fri, 19-Jul-19 18:20:49 GMT; path=/; domain=.registry.npmjs.org; HttpOnly' ],
177 verbose headers   'cache-control': 'max-age=300',
177 verbose headers   'cf-cache-status': 'HIT',
177 verbose headers   'cf-ray': '43cf344afe7dbab0-SCL',
177 verbose headers   etag: '"03a81d3279ea8d2a06fb68c7d68a18c7"',
177 verbose headers   'expect-ct': 'max-age=604800, report-uri="https://report-uri.cloudflare.com/cdn-cgi/beacon/expect-ct"',
177 verbose headers   'last-modified': 'Sun, 27 May 2018 02:48:49 GMT',
177 verbose headers   vary: 'accept-encoding, accept',
177 verbose headers   server: 'cloudflare' }
178 silly get cb [ 304,
178 silly get   { date: 'Thu, 19 Jul 2018 18:20:49 GMT',
178 silly get     connection: 'keep-alive',
178 silly get     'set-cookie':
178 silly get      [ '__cfduid=dc948d919311649d7b212f0235f4ef32e1532024449; expires=Fri, 19-Jul-19 18:20:49 GMT; path=/; domain=.registry.npmjs.org; HttpOnly' ],
178 silly get     'cache-control': 'max-age=300',
178 silly get     'cf-cache-status': 'HIT',
178 silly get     'cf-ray': '43cf344afe7dbab0-SCL',
178 silly get     etag: '"03a81d3279ea8d2a06fb68c7d68a18c7"',
178 silly get     'expect-ct': 'max-age=604800, report-uri="https://report-uri.cloudflare.com/cdn-cgi/beacon/expect-ct"',
178 silly get     'last-modified': 'Sun, 27 May 2018 02:48:49 GMT',
178 silly get     vary: 'accept-encoding, accept',
178 silly get     server: 'cloudflare' } ]
179 verbose etag https://registry.npmjs.org/growl from cache
180 verbose get saving growl to /home/laboratoria/.npm/registry.npmjs.org/growl/.cache.json
181 http 304 https://registry.npmjs.org/escape-string-regexp
182 verbose headers { date: 'Thu, 19 Jul 2018 18:20:49 GMT',
182 verbose headers   connection: 'keep-alive',
182 verbose headers   'set-cookie':
182 verbose headers    [ '__cfduid=d034ba34981e0ec106bcc06c6498a74061532024449; expires=Fri, 19-Jul-19 18:20:49 GMT; path=/; domain=.registry.npmjs.org; HttpOnly' ],
182 verbose headers   'cache-control': 'max-age=300',
182 verbose headers   'cf-cache-status': 'HIT',
182 verbose headers   'cf-ray': '43cf344aff65bad4-SCL',
182 verbose headers   etag: '"7b9c9b5877ab081e6f93162c43fcc388"',
182 verbose headers   'expect-ct': 'max-age=604800, report-uri="https://report-uri.cloudflare.com/cdn-cgi/beacon/expect-ct"',
182 verbose headers   'last-modified': 'Sat, 26 May 2018 23:42:59 GMT',
182 verbose headers   vary: 'accept-encoding, accept',
182 verbose headers   server: 'cloudflare' }
183 silly get cb [ 304,
183 silly get   { date: 'Thu, 19 Jul 2018 18:20:49 GMT',
183 silly get     connection: 'keep-alive',
183 silly get     'set-cookie':
183 silly get      [ '__cfduid=d034ba34981e0ec106bcc06c6498a74061532024449; expires=Fri, 19-Jul-19 18:20:49 GMT; path=/; domain=.registry.npmjs.org; HttpOnly' ],
183 silly get     'cache-control': 'max-age=300',
183 silly get     'cf-cache-status': 'HIT',
183 silly get     'cf-ray': '43cf344aff65bad4-SCL',
183 silly get     etag: '"7b9c9b5877ab081e6f93162c43fcc388"',
183 silly get     'expect-ct': 'max-age=604800, report-uri="https://report-uri.cloudflare.com/cdn-cgi/beacon/expect-ct"',
183 silly get     'last-modified': 'Sat, 26 May 2018 23:42:59 GMT',
183 silly get     vary: 'accept-encoding, accept',
183 silly get     server: 'cloudflare' } ]
184 verbose etag https://registry.npmjs.org/escape-string-regexp from cache
185 verbose get saving escape-string-regexp to /home/laboratoria/.npm/registry.npmjs.org/escape-string-regexp/.cache.json
186 http 304 https://registry.npmjs.org/he
187 verbose headers { date: 'Thu, 19 Jul 2018 18:20:49 GMT',
187 verbose headers   connection: 'keep-alive',
187 verbose headers   'set-cookie':
187 verbose headers    [ '__cfduid=d0dd48aeb8fab7e1d9a05562e5a53cc581532024449; expires=Fri, 19-Jul-19 18:20:49 GMT; path=/; domain=.registry.npmjs.org; HttpOnly' ],
187 verbose headers   'cache-control': 'max-age=300',
187 verbose headers   'cf-cache-status': 'HIT',
187 verbose headers   'cf-ray': '43cf344afc00bac8-SCL',
187 verbose headers   etag: '"af09edb631715c88de89019147348fc0"',
187 verbose headers   'expect-ct': 'max-age=604800, report-uri="https://report-uri.cloudflare.com/cdn-cgi/beacon/expect-ct"',
187 verbose headers   'last-modified': 'Sun, 27 May 2018 03:37:48 GMT',
187 verbose headers   vary: 'accept-encoding, accept',
187 verbose headers   server: 'cloudflare' }
188 silly get cb [ 304,
188 silly get   { date: 'Thu, 19 Jul 2018 18:20:49 GMT',
188 silly get     connection: 'keep-alive',
188 silly get     'set-cookie':
188 silly get      [ '__cfduid=d0dd48aeb8fab7e1d9a05562e5a53cc581532024449; expires=Fri, 19-Jul-19 18:20:49 GMT; path=/; domain=.registry.npmjs.org; HttpOnly' ],
188 silly get     'cache-control': 'max-age=300',
188 silly get     'cf-cache-status': 'HIT',
188 silly get     'cf-ray': '43cf344afc00bac8-SCL',
188 silly get     etag: '"af09edb631715c88de89019147348fc0"',
188 silly get     'expect-ct': 'max-age=604800, report-uri="https://report-uri.cloudflare.com/cdn-cgi/beacon/expect-ct"',
188 silly get     'last-modified': 'Sun, 27 May 2018 03:37:48 GMT',
188 silly get     vary: 'accept-encoding, accept',
188 silly get     server: 'cloudflare' } ]
189 verbose etag https://registry.npmjs.org/he from cache
190 verbose get saving he to /home/laboratoria/.npm/registry.npmjs.org/he/.cache.json
191 silly resolveWithNewModule growl@1.10.5 checking installable status
192 silly cache add args [ 'growl@1.10.5', null ]
193 verbose cache add spec growl@1.10.5
194 silly cache add parsed spec Result {
194 silly cache add   raw: 'growl@1.10.5',
194 silly cache add   scope: null,
194 silly cache add   name: 'growl',
194 silly cache add   rawSpec: '1.10.5',
194 silly cache add   spec: '1.10.5',
194 silly cache add   type: 'version' }
195 silly addNamed growl@1.10.5
196 verbose addNamed "1.10.5" is a plain semver version for growl
197 silly mapToRegistry name growl
198 silly mapToRegistry using default registry
199 silly mapToRegistry registry https://registry.npmjs.org/
200 silly mapToRegistry uri https://registry.npmjs.org/growl
201 verbose addNameVersion registry:https://registry.npmjs.org/growl not in flight; fetching
202 silly resolveWithNewModule escape-string-regexp@1.0.5 checking installable status
203 silly cache add args [ 'escape-string-regexp@1.0.5', null ]
204 verbose cache add spec escape-string-regexp@1.0.5
205 silly cache add parsed spec Result {
205 silly cache add   raw: 'escape-string-regexp@1.0.5',
205 silly cache add   scope: null,
205 silly cache add   name: 'escape-string-regexp',
205 silly cache add   rawSpec: '1.0.5',
205 silly cache add   spec: '1.0.5',
205 silly cache add   type: 'version' }
206 silly addNamed escape-string-regexp@1.0.5
207 verbose addNamed "1.0.5" is a plain semver version for escape-string-regexp
208 silly mapToRegistry name escape-string-regexp
209 silly mapToRegistry using default registry
210 silly mapToRegistry registry https://registry.npmjs.org/
211 silly mapToRegistry uri https://registry.npmjs.org/escape-string-regexp
212 verbose addNameVersion registry:https://registry.npmjs.org/escape-string-regexp not in flight; fetching
213 verbose get https://registry.npmjs.org/growl not expired, no request
214 verbose get https://registry.npmjs.org/escape-string-regexp not expired, no request
215 silly resolveWithNewModule he@1.1.1 checking installable status
216 silly cache add args [ 'he@1.1.1', null ]
217 verbose cache add spec he@1.1.1
218 silly cache add parsed spec Result {
218 silly cache add   raw: 'he@1.1.1',
218 silly cache add   scope: null,
218 silly cache add   name: 'he',
218 silly cache add   rawSpec: '1.1.1',
218 silly cache add   spec: '1.1.1',
218 silly cache add   type: 'version' }
219 silly addNamed he@1.1.1
220 verbose addNamed "1.1.1" is a plain semver version for he
221 silly mapToRegistry name he
222 silly mapToRegistry using default registry
223 silly mapToRegistry registry https://registry.npmjs.org/
224 silly mapToRegistry uri https://registry.npmjs.org/he
225 verbose addNameVersion registry:https://registry.npmjs.org/he not in flight; fetching
226 verbose get https://registry.npmjs.org/he not expired, no request
227 http 304 https://registry.npmjs.org/minimatch
228 verbose headers { date: 'Thu, 19 Jul 2018 18:20:49 GMT',
228 verbose headers   connection: 'keep-alive',
228 verbose headers   'set-cookie':
228 verbose headers    [ '__cfduid=d933ded214ff71cd1a68277725e97bee31532024449; expires=Fri, 19-Jul-19 18:20:49 GMT; path=/; domain=.registry.npmjs.org; HttpOnly' ],
228 verbose headers   'cache-control': 'max-age=300',
228 verbose headers   'cf-cache-status': 'HIT',
228 verbose headers   'cf-ray': '43cf344b2ac1bab6-SCL',
228 verbose headers   etag: '"6e7e7da96df71be2863b8b8d1fcb5152"',
228 verbose headers   'expect-ct': 'max-age=604800, report-uri="https://report-uri.cloudflare.com/cdn-cgi/beacon/expect-ct"',
228 verbose headers   'last-modified': 'Sun, 27 May 2018 08:07:30 GMT',
228 verbose headers   vary: 'accept-encoding, accept',
228 verbose headers   server: 'cloudflare' }
229 silly get cb [ 304,
229 silly get   { date: 'Thu, 19 Jul 2018 18:20:49 GMT',
229 silly get     connection: 'keep-alive',
229 silly get     'set-cookie':
229 silly get      [ '__cfduid=d933ded214ff71cd1a68277725e97bee31532024449; expires=Fri, 19-Jul-19 18:20:49 GMT; path=/; domain=.registry.npmjs.org; HttpOnly' ],
229 silly get     'cache-control': 'max-age=300',
229 silly get     'cf-cache-status': 'HIT',
229 silly get     'cf-ray': '43cf344b2ac1bab6-SCL',
229 silly get     etag: '"6e7e7da96df71be2863b8b8d1fcb5152"',
229 silly get     'expect-ct': 'max-age=604800, report-uri="https://report-uri.cloudflare.com/cdn-cgi/beacon/expect-ct"',
229 silly get     'last-modified': 'Sun, 27 May 2018 08:07:30 GMT',
229 silly get     vary: 'accept-encoding, accept',
229 silly get     server: 'cloudflare' } ]
230 verbose etag https://registry.npmjs.org/minimatch from cache
231 verbose get saving minimatch to /home/laboratoria/.npm/registry.npmjs.org/minimatch/.cache.json
232 http 304 https://registry.npmjs.org/mkdirp
233 verbose headers { date: 'Thu, 19 Jul 2018 18:20:49 GMT',
233 verbose headers   connection: 'keep-alive',
233 verbose headers   'set-cookie':
233 verbose headers    [ '__cfduid=d68a95ace7a54effb6283549d7ca8ee7a1532024449; expires=Fri, 19-Jul-19 18:20:49 GMT; path=/; domain=.registry.npmjs.org; HttpOnly' ],
233 verbose headers   'cache-control': 'max-age=300',
233 verbose headers   'cf-cache-status': 'HIT',
233 verbose headers   'cf-ray': '43cf344b2e36bae0-SCL',
233 verbose headers   etag: '"575019521830a7b7f0b40dc0c1937db1"',
233 verbose headers   'expect-ct': 'max-age=604800, report-uri="https://report-uri.cloudflare.com/cdn-cgi/beacon/expect-ct"',
233 verbose headers   'last-modified': 'Sun, 27 May 2018 08:12:45 GMT',
233 verbose headers   vary: 'accept-encoding, accept',
233 verbose headers   server: 'cloudflare' }
234 silly get cb [ 304,
234 silly get   { date: 'Thu, 19 Jul 2018 18:20:49 GMT',
234 silly get     connection: 'keep-alive',
234 silly get     'set-cookie':
234 silly get      [ '__cfduid=d68a95ace7a54effb6283549d7ca8ee7a1532024449; expires=Fri, 19-Jul-19 18:20:49 GMT; path=/; domain=.registry.npmjs.org; HttpOnly' ],
234 silly get     'cache-control': 'max-age=300',
234 silly get     'cf-cache-status': 'HIT',
234 silly get     'cf-ray': '43cf344b2e36bae0-SCL',
234 silly get     etag: '"575019521830a7b7f0b40dc0c1937db1"',
234 silly get     'expect-ct': 'max-age=604800, report-uri="https://report-uri.cloudflare.com/cdn-cgi/beacon/expect-ct"',
234 silly get     'last-modified': 'Sun, 27 May 2018 08:12:45 GMT',
234 silly get     vary: 'accept-encoding, accept',
234 silly get     server: 'cloudflare' } ]
235 verbose etag https://registry.npmjs.org/mkdirp from cache
236 verbose get saving mkdirp to /home/laboratoria/.npm/registry.npmjs.org/mkdirp/.cache.json
237 http 304 https://registry.npmjs.org/debug
238 verbose headers { date: 'Thu, 19 Jul 2018 18:20:49 GMT',
238 verbose headers   connection: 'keep-alive',
238 verbose headers   'set-cookie':
238 verbose headers    [ '__cfduid=d759d112d272d4ad137818f40a46677f11532024449; expires=Fri, 19-Jul-19 18:20:49 GMT; path=/; domain=.registry.npmjs.org; HttpOnly' ],
238 verbose headers   'cache-control': 'max-age=300',
238 verbose headers   'cf-cache-status': 'HIT',
238 verbose headers   'cf-ray': '43cf344b3dddbb04-SCL',
238 verbose headers   etag: '"fba3b1e5281ea3e19e268240206ca548"',
238 verbose headers   'expect-ct': 'max-age=604800, report-uri="https://report-uri.cloudflare.com/cdn-cgi/beacon/expect-ct"',
238 verbose headers   'last-modified': 'Sat, 26 May 2018 21:52:39 GMT',
238 verbose headers   vary: 'accept-encoding, accept',
238 verbose headers   server: 'cloudflare' }
239 silly get cb [ 304,
239 silly get   { date: 'Thu, 19 Jul 2018 18:20:49 GMT',
239 silly get     connection: 'keep-alive',
239 silly get     'set-cookie':
239 silly get      [ '__cfduid=d759d112d272d4ad137818f40a46677f11532024449; expires=Fri, 19-Jul-19 18:20:49 GMT; path=/; domain=.registry.npmjs.org; HttpOnly' ],
239 silly get     'cache-control': 'max-age=300',
239 silly get     'cf-cache-status': 'HIT',
239 silly get     'cf-ray': '43cf344b3dddbb04-SCL',
239 silly get     etag: '"fba3b1e5281ea3e19e268240206ca548"',
239 silly get     'expect-ct': 'max-age=604800, report-uri="https://report-uri.cloudflare.com/cdn-cgi/beacon/expect-ct"',
239 silly get     'last-modified': 'Sat, 26 May 2018 21:52:39 GMT',
239 silly get     vary: 'accept-encoding, accept',
239 silly get     server: 'cloudflare' } ]
240 verbose etag https://registry.npmjs.org/debug from cache
241 verbose get saving debug to /home/laboratoria/.npm/registry.npmjs.org/debug/.cache.json
242 http 304 https://registry.npmjs.org/supports-color
243 verbose headers { date: 'Thu, 19 Jul 2018 18:20:49 GMT',
243 verbose headers   connection: 'keep-alive',
243 verbose headers   'set-cookie':
243 verbose headers    [ '__cfduid=d0dd48aeb8fab7e1d9a05562e5a53cc581532024449; expires=Fri, 19-Jul-19 18:20:49 GMT; path=/; domain=.registry.npmjs.org; HttpOnly' ],
243 verbose headers   'cache-control': 'max-age=300',
243 verbose headers   'cf-cache-status': 'HIT',
243 verbose headers   'cf-ray': '43cf344b3c26bac8-SCL',
243 verbose headers   etag: '"68d33ab5e25b0728d9c2bb3655672154"',
243 verbose headers   'expect-ct': 'max-age=604800, report-uri="https://report-uri.cloudflare.com/cdn-cgi/beacon/expect-ct"',
243 verbose headers   'last-modified': 'Sun, 27 May 2018 18:38:41 GMT',
243 verbose headers   vary: 'accept-encoding, accept',
243 verbose headers   server: 'cloudflare' }
244 silly get cb [ 304,
244 silly get   { date: 'Thu, 19 Jul 2018 18:20:49 GMT',
244 silly get     connection: 'keep-alive',
244 silly get     'set-cookie':
244 silly get      [ '__cfduid=d0dd48aeb8fab7e1d9a05562e5a53cc581532024449; expires=Fri, 19-Jul-19 18:20:49 GMT; path=/; domain=.registry.npmjs.org; HttpOnly' ],
244 silly get     'cache-control': 'max-age=300',
244 silly get     'cf-cache-status': 'HIT',
244 silly get     'cf-ray': '43cf344b3c26bac8-SCL',
244 silly get     etag: '"68d33ab5e25b0728d9c2bb3655672154"',
244 silly get     'expect-ct': 'max-age=604800, report-uri="https://report-uri.cloudflare.com/cdn-cgi/beacon/expect-ct"',
244 silly get     'last-modified': 'Sun, 27 May 2018 18:38:41 GMT',
244 silly get     vary: 'accept-encoding, accept',
244 silly get     server: 'cloudflare' } ]
245 verbose etag https://registry.npmjs.org/supports-color from cache
246 verbose get saving supports-color to /home/laboratoria/.npm/registry.npmjs.org/supports-color/.cache.json
247 http 304 https://registry.npmjs.org/diff
248 verbose headers { date: 'Thu, 19 Jul 2018 18:20:49 GMT',
248 verbose headers   connection: 'keep-alive',
248 verbose headers   'set-cookie':
248 verbose headers    [ '__cfduid=d034ba34981e0ec106bcc06c6498a74061532024449; expires=Fri, 19-Jul-19 18:20:49 GMT; path=/; domain=.registry.npmjs.org; HttpOnly' ],
248 verbose headers   'cache-control': 'max-age=300',
248 verbose headers   'cf-cache-status': 'HIT',
248 verbose headers   'cf-ray': '43cf344b3f88bad4-SCL',
248 verbose headers   etag: '"31f9b4169097df711c83690642f97a18"',
248 verbose headers   'expect-ct': 'max-age=604800, report-uri="https://report-uri.cloudflare.com/cdn-cgi/beacon/expect-ct"',
248 verbose headers   'last-modified': 'Sat, 26 May 2018 22:07:14 GMT',
248 verbose headers   vary: 'accept-encoding, accept',
248 verbose headers   server: 'cloudflare' }
249 silly get cb [ 304,
249 silly get   { date: 'Thu, 19 Jul 2018 18:20:49 GMT',
249 silly get     connection: 'keep-alive',
249 silly get     'set-cookie':
249 silly get      [ '__cfduid=d034ba34981e0ec106bcc06c6498a74061532024449; expires=Fri, 19-Jul-19 18:20:49 GMT; path=/; domain=.registry.npmjs.org; HttpOnly' ],
249 silly get     'cache-control': 'max-age=300',
249 silly get     'cf-cache-status': 'HIT',
249 silly get     'cf-ray': '43cf344b3f88bad4-SCL',
249 silly get     etag: '"31f9b4169097df711c83690642f97a18"',
249 silly get     'expect-ct': 'max-age=604800, report-uri="https://report-uri.cloudflare.com/cdn-cgi/beacon/expect-ct"',
249 silly get     'last-modified': 'Sat, 26 May 2018 22:07:14 GMT',
249 silly get     vary: 'accept-encoding, accept',
249 silly get     server: 'cloudflare' } ]
250 verbose etag https://registry.npmjs.org/diff from cache
251 verbose get saving diff to /home/laboratoria/.npm/registry.npmjs.org/diff/.cache.json
252 http 304 https://registry.npmjs.org/glob
253 verbose headers { date: 'Thu, 19 Jul 2018 18:20:49 GMT',
253 verbose headers   connection: 'keep-alive',
253 verbose headers   'set-cookie':
253 verbose headers    [ '__cfduid=d5db5637af80c90af2e9a3b7b9a82c1241532024449; expires=Fri, 19-Jul-19 18:20:49 GMT; path=/; domain=.registry.npmjs.org; HttpOnly' ],
253 verbose headers   'cache-control': 'max-age=300',
253 verbose headers   'cf-cache-status': 'HIT',
253 verbose headers   'cf-ray': '43cf344b3edeba9e-SCL',
253 verbose headers   etag: '"580c1092d5d71a5c0538143cbdfff62d"',
253 verbose headers   'expect-ct': 'max-age=604800, report-uri="https://report-uri.cloudflare.com/cdn-cgi/beacon/expect-ct"',
253 verbose headers   'last-modified': 'Sun, 27 May 2018 02:29:14 GMT',
253 verbose headers   vary: 'accept-encoding, accept',
253 verbose headers   server: 'cloudflare' }
254 silly get cb [ 304,
254 silly get   { date: 'Thu, 19 Jul 2018 18:20:49 GMT',
254 silly get     connection: 'keep-alive',
254 silly get     'set-cookie':
254 silly get      [ '__cfduid=d5db5637af80c90af2e9a3b7b9a82c1241532024449; expires=Fri, 19-Jul-19 18:20:49 GMT; path=/; domain=.registry.npmjs.org; HttpOnly' ],
254 silly get     'cache-control': 'max-age=300',
254 silly get     'cf-cache-status': 'HIT',
254 silly get     'cf-ray': '43cf344b3edeba9e-SCL',
254 silly get     etag: '"580c1092d5d71a5c0538143cbdfff62d"',
254 silly get     'expect-ct': 'max-age=604800, report-uri="https://report-uri.cloudflare.com/cdn-cgi/beacon/expect-ct"',
254 silly get     'last-modified': 'Sun, 27 May 2018 02:29:14 GMT',
254 silly get     vary: 'accept-encoding, accept',
254 silly get     server: 'cloudflare' } ]
255 verbose etag https://registry.npmjs.org/glob from cache
256 verbose get saving glob to /home/laboratoria/.npm/registry.npmjs.org/glob/.cache.json
257 silly cache afterAdd growl@1.10.5
258 verbose afterAdd /home/laboratoria/.npm/growl/1.10.5/package/package.json not in flight; writing
259 silly resolveWithNewModule minimatch@3.0.4 checking installable status
260 silly cache add args [ 'minimatch@3.0.4', null ]
261 verbose cache add spec minimatch@3.0.4
262 silly cache add parsed spec Result {
262 silly cache add   raw: 'minimatch@3.0.4',
262 silly cache add   scope: null,
262 silly cache add   name: 'minimatch',
262 silly cache add   rawSpec: '3.0.4',
262 silly cache add   spec: '3.0.4',
262 silly cache add   type: 'version' }
263 silly addNamed minimatch@3.0.4
264 verbose addNamed "3.0.4" is a plain semver version for minimatch
265 silly mapToRegistry name minimatch
266 silly mapToRegistry using default registry
267 silly mapToRegistry registry https://registry.npmjs.org/
268 silly mapToRegistry uri https://registry.npmjs.org/minimatch
269 verbose addNameVersion registry:https://registry.npmjs.org/minimatch not in flight; fetching
270 silly resolveWithNewModule mkdirp@0.5.1 checking installable status
271 silly cache add args [ 'mkdirp@0.5.1', null ]
272 verbose cache add spec mkdirp@0.5.1
273 silly cache add parsed spec Result {
273 silly cache add   raw: 'mkdirp@0.5.1',
273 silly cache add   scope: null,
273 silly cache add   name: 'mkdirp',
273 silly cache add   rawSpec: '0.5.1',
273 silly cache add   spec: '0.5.1',
273 silly cache add   type: 'version' }
274 silly addNamed mkdirp@0.5.1
275 verbose addNamed "0.5.1" is a plain semver version for mkdirp
276 silly mapToRegistry name mkdirp
277 silly mapToRegistry using default registry
278 silly mapToRegistry registry https://registry.npmjs.org/
279 silly mapToRegistry uri https://registry.npmjs.org/mkdirp
280 verbose addNameVersion registry:https://registry.npmjs.org/mkdirp not in flight; fetching
281 silly resolveWithNewModule debug@3.1.0 checking installable status
282 silly cache add args [ 'debug@3.1.0', null ]
283 verbose cache add spec debug@3.1.0
284 silly cache add parsed spec Result {
284 silly cache add   raw: 'debug@3.1.0',
284 silly cache add   scope: null,
284 silly cache add   name: 'debug',
284 silly cache add   rawSpec: '3.1.0',
284 silly cache add   spec: '3.1.0',
284 silly cache add   type: 'version' }
285 silly addNamed debug@3.1.0
286 verbose addNamed "3.1.0" is a plain semver version for debug
287 silly mapToRegistry name debug
288 silly mapToRegistry using default registry
289 silly mapToRegistry registry https://registry.npmjs.org/
290 silly mapToRegistry uri https://registry.npmjs.org/debug
291 verbose addNameVersion registry:https://registry.npmjs.org/debug not in flight; fetching
292 silly cache afterAdd he@1.1.1
293 verbose afterAdd /home/laboratoria/.npm/he/1.1.1/package/package.json not in flight; writing
294 silly resolveWithNewModule supports-color@5.4.0 checking installable status
295 silly cache add args [ 'supports-color@5.4.0', null ]
296 verbose cache add spec supports-color@5.4.0
297 silly cache add parsed spec Result {
297 silly cache add   raw: 'supports-color@5.4.0',
297 silly cache add   scope: null,
297 silly cache add   name: 'supports-color',
297 silly cache add   rawSpec: '5.4.0',
297 silly cache add   spec: '5.4.0',
297 silly cache add   type: 'version' }
298 silly addNamed supports-color@5.4.0
299 verbose addNamed "5.4.0" is a plain semver version for supports-color
300 silly mapToRegistry name supports-color
301 silly mapToRegistry using default registry
302 silly mapToRegistry registry https://registry.npmjs.org/
303 silly mapToRegistry uri https://registry.npmjs.org/supports-color
304 verbose addNameVersion registry:https://registry.npmjs.org/supports-color not in flight; fetching
305 silly resolveWithNewModule diff@3.5.0 checking installable status
306 silly cache add args [ 'diff@3.5.0', null ]
307 verbose cache add spec diff@3.5.0
308 silly cache add parsed spec Result {
308 silly cache add   raw: 'diff@3.5.0',
308 silly cache add   scope: null,
308 silly cache add   name: 'diff',
308 silly cache add   rawSpec: '3.5.0',
308 silly cache add   spec: '3.5.0',
308 silly cache add   type: 'version' }
309 silly addNamed diff@3.5.0
310 verbose addNamed "3.5.0" is a plain semver version for diff
311 silly mapToRegistry name diff
312 silly mapToRegistry using default registry
313 silly mapToRegistry registry https://registry.npmjs.org/
314 silly mapToRegistry uri https://registry.npmjs.org/diff
315 verbose addNameVersion registry:https://registry.npmjs.org/diff not in flight; fetching
316 silly cache afterAdd escape-string-regexp@1.0.5
317 verbose afterAdd /home/laboratoria/.npm/escape-string-regexp/1.0.5/package/package.json not in flight; writing
318 verbose afterAdd /home/laboratoria/.npm/growl/1.10.5/package/package.json written
319 silly resolveWithNewModule glob@7.1.2 checking installable status
320 silly cache add args [ 'glob@7.1.2', null ]
321 verbose cache add spec glob@7.1.2
322 silly cache add parsed spec Result {
322 silly cache add   raw: 'glob@7.1.2',
322 silly cache add   scope: null,
322 silly cache add   name: 'glob',
322 silly cache add   rawSpec: '7.1.2',
322 silly cache add   spec: '7.1.2',
322 silly cache add   type: 'version' }
323 silly addNamed glob@7.1.2
324 verbose addNamed "7.1.2" is a plain semver version for glob
325 silly mapToRegistry name glob
326 silly mapToRegistry using default registry
327 silly mapToRegistry registry https://registry.npmjs.org/
328 silly mapToRegistry uri https://registry.npmjs.org/glob
329 verbose addNameVersion registry:https://registry.npmjs.org/glob not in flight; fetching
330 verbose get https://registry.npmjs.org/minimatch not expired, no request
331 verbose get https://registry.npmjs.org/mkdirp not expired, no request
332 verbose get https://registry.npmjs.org/debug not expired, no request
333 verbose get https://registry.npmjs.org/supports-color not expired, no request
334 verbose afterAdd /home/laboratoria/.npm/he/1.1.1/package/package.json written
335 verbose get https://registry.npmjs.org/diff not expired, no request
336 http 200 https://registry.npmjs.org/commander
337 verbose headers { date: 'Thu, 19 Jul 2018 18:20:49 GMT',
337 verbose headers   'content-type': 'application/json; charset=UTF-8',
337 verbose headers   'transfer-encoding': 'chunked',
337 verbose headers   connection: 'keep-alive',
337 verbose headers   'set-cookie':
337 verbose headers    [ '__cfduid=dc948d919311649d7b212f0235f4ef32e1532024449; expires=Fri, 19-Jul-19 18:20:49 GMT; path=/; domain=.registry.npmjs.org; HttpOnly' ],
337 verbose headers   'cache-control': 'max-age=300',
337 verbose headers   'cf-cache-status': 'HIT',
337 verbose headers   'cf-ray': '43cf344b2e9bbab0-SCL',
337 verbose headers   etag: 'W/"919d25644f8c1ad0237f52b989a3584e"',
337 verbose headers   'expect-ct': 'max-age=604800, report-uri="https://report-uri.cloudflare.com/cdn-cgi/beacon/expect-ct"',
337 verbose headers   'last-modified': 'Fri, 29 Jun 2018 09:40:41 GMT',
337 verbose headers   vary: 'accept-encoding, accept',
337 verbose headers   server: 'cloudflare',
337 verbose headers   'content-encoding': 'gzip' }
338 silly get cb [ 200,
338 silly get   { date: 'Thu, 19 Jul 2018 18:20:49 GMT',
338 silly get     'content-type': 'application/json; charset=UTF-8',
338 silly get     'transfer-encoding': 'chunked',
338 silly get     connection: 'keep-alive',
338 silly get     'set-cookie':
338 silly get      [ '__cfduid=dc948d919311649d7b212f0235f4ef32e1532024449; expires=Fri, 19-Jul-19 18:20:49 GMT; path=/; domain=.registry.npmjs.org; HttpOnly' ],
338 silly get     'cache-control': 'max-age=300',
338 silly get     'cf-cache-status': 'HIT',
338 silly get     'cf-ray': '43cf344b2e9bbab0-SCL',
338 silly get     etag: 'W/"919d25644f8c1ad0237f52b989a3584e"',
338 silly get     'expect-ct': 'max-age=604800, report-uri="https://report-uri.cloudflare.com/cdn-cgi/beacon/expect-ct"',
338 silly get     'last-modified': 'Fri, 29 Jun 2018 09:40:41 GMT',
338 silly get     vary: 'accept-encoding, accept',
338 silly get     server: 'cloudflare',
338 silly get     'content-encoding': 'gzip' } ]
339 verbose get saving commander to /home/laboratoria/.npm/registry.npmjs.org/commander/.cache.json
340 verbose afterAdd /home/laboratoria/.npm/escape-string-regexp/1.0.5/package/package.json written
341 verbose get https://registry.npmjs.org/glob not expired, no request
342 silly cache afterAdd minimatch@3.0.4
343 verbose afterAdd /home/laboratoria/.npm/minimatch/3.0.4/package/package.json not in flight; writing
344 silly cache afterAdd mkdirp@0.5.1
345 verbose afterAdd /home/laboratoria/.npm/mkdirp/0.5.1/package/package.json not in flight; writing
346 silly cache afterAdd diff@3.5.0
347 verbose afterAdd /home/laboratoria/.npm/diff/3.5.0/package/package.json not in flight; writing
348 silly cache afterAdd supports-color@5.4.0
349 verbose afterAdd /home/laboratoria/.npm/supports-color/5.4.0/package/package.json not in flight; writing
350 silly cache afterAdd debug@3.1.0
351 verbose afterAdd /home/laboratoria/.npm/debug/3.1.0/package/package.json not in flight; writing
352 silly cache afterAdd glob@7.1.2
353 verbose afterAdd /home/laboratoria/.npm/glob/7.1.2/package/package.json not in flight; writing
354 silly resolveWithNewModule commander@2.15.1 checking installable status
355 silly cache add args [ 'commander@2.15.1', null ]
356 verbose cache add spec commander@2.15.1
357 silly cache add parsed spec Result {
357 silly cache add   raw: 'commander@2.15.1',
357 silly cache add   scope: null,
357 silly cache add   name: 'commander',
357 silly cache add   rawSpec: '2.15.1',
357 silly cache add   spec: '2.15.1',
357 silly cache add   type: 'version' }
358 silly addNamed commander@2.15.1
359 verbose addNamed "2.15.1" is a plain semver version for commander
360 silly mapToRegistry name commander
361 silly mapToRegistry using default registry
362 silly mapToRegistry registry https://registry.npmjs.org/
363 silly mapToRegistry uri https://registry.npmjs.org/commander
364 verbose addNameVersion registry:https://registry.npmjs.org/commander not in flight; fetching
365 verbose afterAdd /home/laboratoria/.npm/minimatch/3.0.4/package/package.json written
366 verbose afterAdd /home/laboratoria/.npm/supports-color/5.4.0/package/package.json written
367 verbose afterAdd /home/laboratoria/.npm/mkdirp/0.5.1/package/package.json written
368 verbose afterAdd /home/laboratoria/.npm/diff/3.5.0/package/package.json written
369 verbose get https://registry.npmjs.org/commander not expired, no request
370 verbose afterAdd /home/laboratoria/.npm/glob/7.1.2/package/package.json written
371 verbose afterAdd /home/laboratoria/.npm/debug/3.1.0/package/package.json written
372 silly cache afterAdd commander@2.15.1
373 verbose afterAdd /home/laboratoria/.npm/commander/2.15.1/package/package.json not in flight; writing
374 verbose afterAdd /home/laboratoria/.npm/commander/2.15.1/package/package.json written
375 http 304 https://registry.npmjs.org/browser-stdout
376 verbose headers { date: 'Thu, 19 Jul 2018 18:20:50 GMT',
376 verbose headers   connection: 'keep-alive',
376 verbose headers   'set-cookie':
376 verbose headers    [ '__cfduid=db438e4b8eb631bdc56ebde933e3c01a41532024449; expires=Fri, 19-Jul-19 18:20:49 GMT; path=/; domain=.registry.npmjs.org; HttpOnly' ],
376 verbose headers   'cache-control': 'max-age=300',
376 verbose headers   'cf-cache-status': 'REVALIDATED',
376 verbose headers   'cf-ray': '43cf344a7d32baf8-SCL',
376 verbose headers   etag: '"ad7ee1c0c8f38e2f2bef40d5d7f48977"',
376 verbose headers   'expect-ct': 'max-age=604800, report-uri="https://report-uri.cloudflare.com/cdn-cgi/beacon/expect-ct"',
376 verbose headers   'last-modified': 'Sat, 26 May 2018 02:44:08 GMT',
376 verbose headers   vary: 'accept-encoding, accept',
376 verbose headers   server: 'cloudflare' }
377 silly get cb [ 304,
377 silly get   { date: 'Thu, 19 Jul 2018 18:20:50 GMT',
377 silly get     connection: 'keep-alive',
377 silly get     'set-cookie':
377 silly get      [ '__cfduid=db438e4b8eb631bdc56ebde933e3c01a41532024449; expires=Fri, 19-Jul-19 18:20:49 GMT; path=/; domain=.registry.npmjs.org; HttpOnly' ],
377 silly get     'cache-control': 'max-age=300',
377 silly get     'cf-cache-status': 'REVALIDATED',
377 silly get     'cf-ray': '43cf344a7d32baf8-SCL',
377 silly get     etag: '"ad7ee1c0c8f38e2f2bef40d5d7f48977"',
377 silly get     'expect-ct': 'max-age=604800, report-uri="https://report-uri.cloudflare.com/cdn-cgi/beacon/expect-ct"',
377 silly get     'last-modified': 'Sat, 26 May 2018 02:44:08 GMT',
377 silly get     vary: 'accept-encoding, accept',
377 silly get     server: 'cloudflare' } ]
378 verbose etag https://registry.npmjs.org/browser-stdout from cache
379 verbose get saving browser-stdout to /home/laboratoria/.npm/registry.npmjs.org/browser-stdout/.cache.json
380 silly resolveWithNewModule browser-stdout@1.3.1 checking installable status
381 silly cache add args [ 'browser-stdout@1.3.1', null ]
382 verbose cache add spec browser-stdout@1.3.1
383 silly cache add parsed spec Result {
383 silly cache add   raw: 'browser-stdout@1.3.1',
383 silly cache add   scope: null,
383 silly cache add   name: 'browser-stdout',
383 silly cache add   rawSpec: '1.3.1',
383 silly cache add   spec: '1.3.1',
383 silly cache add   type: 'version' }
384 silly addNamed browser-stdout@1.3.1
385 verbose addNamed "1.3.1" is a plain semver version for browser-stdout
386 silly mapToRegistry name browser-stdout
387 silly mapToRegistry using default registry
388 silly mapToRegistry registry https://registry.npmjs.org/
389 silly mapToRegistry uri https://registry.npmjs.org/browser-stdout
390 verbose addNameVersion registry:https://registry.npmjs.org/browser-stdout not in flight; fetching
391 verbose get https://registry.npmjs.org/browser-stdout not expired, no request
392 silly cache afterAdd browser-stdout@1.3.1
393 verbose afterAdd /home/laboratoria/.npm/browser-stdout/1.3.1/package/package.json not in flight; writing
394 verbose afterAdd /home/laboratoria/.npm/browser-stdout/1.3.1/package/package.json written
395 silly fetchNamedPackageData ms
396 silly mapToRegistry name ms
397 silly mapToRegistry using default registry
398 silly mapToRegistry registry https://registry.npmjs.org/
399 silly mapToRegistry uri https://registry.npmjs.org/ms
400 verbose request uri https://registry.npmjs.org/ms
401 verbose request no auth needed
402 info attempt registry request try #1 at 14:20:50
403 verbose etag W/"14f450c01c980d4d477ab4a9c2c2c8e4"
404 verbose lastModified Sun, 27 May 2018 08:42:19 GMT
405 http request GET https://registry.npmjs.org/ms
406 http 304 https://registry.npmjs.org/ms
407 verbose headers { date: 'Thu, 19 Jul 2018 18:20:50 GMT',
407 verbose headers   connection: 'keep-alive',
407 verbose headers   'set-cookie':
407 verbose headers    [ '__cfduid=d7509e9bcacb7c60d51acbb8a6f82beea1532024450; expires=Fri, 19-Jul-19 18:20:50 GMT; path=/; domain=.registry.npmjs.org; HttpOnly' ],
407 verbose headers   'cache-control': 'max-age=300',
407 verbose headers   'cf-cache-status': 'HIT',
407 verbose headers   'cf-ray': '43cf344fb9b8bab0-SCL',
407 verbose headers   etag: '"14f450c01c980d4d477ab4a9c2c2c8e4"',
407 verbose headers   'expect-ct': 'max-age=604800, report-uri="https://report-uri.cloudflare.com/cdn-cgi/beacon/expect-ct"',
407 verbose headers   'last-modified': 'Sun, 27 May 2018 08:42:19 GMT',
407 verbose headers   vary: 'accept-encoding, accept',
407 verbose headers   server: 'cloudflare' }
408 silly get cb [ 304,
408 silly get   { date: 'Thu, 19 Jul 2018 18:20:50 GMT',
408 silly get     connection: 'keep-alive',
408 silly get     'set-cookie':
408 silly get      [ '__cfduid=d7509e9bcacb7c60d51acbb8a6f82beea1532024450; expires=Fri, 19-Jul-19 18:20:50 GMT; path=/; domain=.registry.npmjs.org; HttpOnly' ],
408 silly get     'cache-control': 'max-age=300',
408 silly get     'cf-cache-status': 'HIT',
408 silly get     'cf-ray': '43cf344fb9b8bab0-SCL',
408 silly get     etag: '"14f450c01c980d4d477ab4a9c2c2c8e4"',
408 silly get     'expect-ct': 'max-age=604800, report-uri="https://report-uri.cloudflare.com/cdn-cgi/beacon/expect-ct"',
408 silly get     'last-modified': 'Sun, 27 May 2018 08:42:19 GMT',
408 silly get     vary: 'accept-encoding, accept',
408 silly get     server: 'cloudflare' } ]
409 verbose etag https://registry.npmjs.org/ms from cache
410 verbose get saving ms to /home/laboratoria/.npm/registry.npmjs.org/ms/.cache.json
411 silly resolveWithNewModule ms@2.0.0 checking installable status
412 silly cache add args [ 'ms@2.0.0', null ]
413 verbose cache add spec ms@2.0.0
414 silly cache add parsed spec Result {
414 silly cache add   raw: 'ms@2.0.0',
414 silly cache add   scope: null,
414 silly cache add   name: 'ms',
414 silly cache add   rawSpec: '2.0.0',
414 silly cache add   spec: '2.0.0',
414 silly cache add   type: 'version' }
415 silly addNamed ms@2.0.0
416 verbose addNamed "2.0.0" is a plain semver version for ms
417 silly mapToRegistry name ms
418 silly mapToRegistry using default registry
419 silly mapToRegistry registry https://registry.npmjs.org/
420 silly mapToRegistry uri https://registry.npmjs.org/ms
421 verbose addNameVersion registry:https://registry.npmjs.org/ms not in flight; fetching
422 verbose get https://registry.npmjs.org/ms not expired, no request
423 silly cache afterAdd ms@2.0.0
424 verbose afterAdd /home/laboratoria/.npm/ms/2.0.0/package/package.json not in flight; writing
425 verbose afterAdd /home/laboratoria/.npm/ms/2.0.0/package/package.json written
426 silly fetchNamedPackageData fs.realpath
427 silly mapToRegistry name fs.realpath
428 silly mapToRegistry using default registry
429 silly mapToRegistry registry https://registry.npmjs.org/
430 silly mapToRegistry uri https://registry.npmjs.org/fs.realpath
431 silly fetchNamedPackageData inflight
432 silly mapToRegistry name inflight
433 silly mapToRegistry using default registry
434 silly mapToRegistry registry https://registry.npmjs.org/
435 silly mapToRegistry uri https://registry.npmjs.org/inflight
436 silly fetchNamedPackageData inherits
437 silly mapToRegistry name inherits
438 silly mapToRegistry using default registry
439 silly mapToRegistry registry https://registry.npmjs.org/
440 silly mapToRegistry uri https://registry.npmjs.org/inherits
441 silly fetchNamedPackageData once
442 silly mapToRegistry name once
443 silly mapToRegistry using default registry
444 silly mapToRegistry registry https://registry.npmjs.org/
445 silly mapToRegistry uri https://registry.npmjs.org/once
446 silly fetchNamedPackageData path-is-absolute
447 silly mapToRegistry name path-is-absolute
448 silly mapToRegistry using default registry
449 silly mapToRegistry registry https://registry.npmjs.org/
450 silly mapToRegistry uri https://registry.npmjs.org/path-is-absolute
451 verbose request uri https://registry.npmjs.org/fs.realpath
452 verbose request no auth needed
453 info attempt registry request try #1 at 14:20:50
454 verbose etag W/"38ffb76e1002ddc3cb6c82f7e93e6cb3"
455 verbose lastModified Sun, 27 May 2018 01:17:56 GMT
456 http request GET https://registry.npmjs.org/fs.realpath
457 verbose request uri https://registry.npmjs.org/inherits
458 verbose request no auth needed
459 info attempt registry request try #1 at 14:20:50
460 verbose etag W/"c06d899100ab2130d10ac1fa01995f80"
461 verbose lastModified Sat, 26 May 2018 12:33:29 GMT
462 http request GET https://registry.npmjs.org/inherits
463 verbose request uri https://registry.npmjs.org/once
464 verbose request no auth needed
465 info attempt registry request try #1 at 14:20:50
466 verbose etag W/"edc9f495d2deed74e80dc05995dc33c2"
467 verbose lastModified Sun, 27 May 2018 11:11:26 GMT
468 http request GET https://registry.npmjs.org/once
469 verbose request uri https://registry.npmjs.org/path-is-absolute
470 verbose request no auth needed
471 info attempt registry request try #1 at 14:20:50
472 verbose etag W/"889529f8e6c9554a428813bfe5323180"
473 verbose lastModified Sun, 27 May 2018 11:56:47 GMT
474 http request GET https://registry.npmjs.org/path-is-absolute
475 verbose request uri https://registry.npmjs.org/inflight
476 verbose request no auth needed
477 info attempt registry request try #1 at 14:20:50
478 verbose etag W/"ee7822cd1180fc0dc8acae0ecd7775d7"
479 verbose lastModified Sun, 27 May 2018 04:39:13 GMT
480 http request GET https://registry.npmjs.org/inflight
481 http 304 https://registry.npmjs.org/fs.realpath
482 verbose headers { date: 'Thu, 19 Jul 2018 18:20:50 GMT',
482 verbose headers   connection: 'keep-alive',
482 verbose headers   'set-cookie':
482 verbose headers    [ '__cfduid=de75d6df3f54fedd190ba690c4e7117891532024450; expires=Fri, 19-Jul-19 18:20:50 GMT; path=/; domain=.registry.npmjs.org; HttpOnly' ],
482 verbose headers   'cache-control': 'max-age=300',
482 verbose headers   'cf-cache-status': 'HIT',
482 verbose headers   'cf-ray': '43cf34506a90bad4-SCL',
482 verbose headers   etag: '"38ffb76e1002ddc3cb6c82f7e93e6cb3"',
482 verbose headers   'expect-ct': 'max-age=604800, report-uri="https://report-uri.cloudflare.com/cdn-cgi/beacon/expect-ct"',
482 verbose headers   'last-modified': 'Sun, 27 May 2018 01:17:56 GMT',
482 verbose headers   vary: 'accept-encoding, accept',
482 verbose headers   server: 'cloudflare' }
483 silly get cb [ 304,
483 silly get   { date: 'Thu, 19 Jul 2018 18:20:50 GMT',
483 silly get     connection: 'keep-alive',
483 silly get     'set-cookie':
483 silly get      [ '__cfduid=de75d6df3f54fedd190ba690c4e7117891532024450; expires=Fri, 19-Jul-19 18:20:50 GMT; path=/; domain=.registry.npmjs.org; HttpOnly' ],
483 silly get     'cache-control': 'max-age=300',
483 silly get     'cf-cache-status': 'HIT',
483 silly get     'cf-ray': '43cf34506a90bad4-SCL',
483 silly get     etag: '"38ffb76e1002ddc3cb6c82f7e93e6cb3"',
483 silly get     'expect-ct': 'max-age=604800, report-uri="https://report-uri.cloudflare.com/cdn-cgi/beacon/expect-ct"',
483 silly get     'last-modified': 'Sun, 27 May 2018 01:17:56 GMT',
483 silly get     vary: 'accept-encoding, accept',
483 silly get     server: 'cloudflare' } ]
484 verbose etag https://registry.npmjs.org/fs.realpath from cache
485 verbose get saving fs.realpath to /home/laboratoria/.npm/registry.npmjs.org/fs.realpath/.cache.json
486 http 304 https://registry.npmjs.org/inherits
487 verbose headers { date: 'Thu, 19 Jul 2018 18:20:50 GMT',
487 verbose headers   connection: 'keep-alive',
487 verbose headers   'set-cookie':
487 verbose headers    [ '__cfduid=d12bbcef15aba13867a937ae09140ad561532024450; expires=Fri, 19-Jul-19 18:20:50 GMT; path=/; domain=.registry.npmjs.org; HttpOnly' ],
487 verbose headers   'cache-control': 'max-age=300',
487 verbose headers   'cf-cache-status': 'HIT',
487 verbose headers   'cf-ray': '43cf3450684dbac8-SCL',
487 verbose headers   etag: '"c06d899100ab2130d10ac1fa01995f80"',
487 verbose headers   'expect-ct': 'max-age=604800, report-uri="https://report-uri.cloudflare.com/cdn-cgi/beacon/expect-ct"',
487 verbose headers   'last-modified': 'Sat, 26 May 2018 12:33:29 GMT',
487 verbose headers   vary: 'accept-encoding, accept',
487 verbose headers   server: 'cloudflare' }
488 silly get cb [ 304,
488 silly get   { date: 'Thu, 19 Jul 2018 18:20:50 GMT',
488 silly get     connection: 'keep-alive',
488 silly get     'set-cookie':
488 silly get      [ '__cfduid=d12bbcef15aba13867a937ae09140ad561532024450; expires=Fri, 19-Jul-19 18:20:50 GMT; path=/; domain=.registry.npmjs.org; HttpOnly' ],
488 silly get     'cache-control': 'max-age=300',
488 silly get     'cf-cache-status': 'HIT',
488 silly get     'cf-ray': '43cf3450684dbac8-SCL',
488 silly get     etag: '"c06d899100ab2130d10ac1fa01995f80"',
488 silly get     'expect-ct': 'max-age=604800, report-uri="https://report-uri.cloudflare.com/cdn-cgi/beacon/expect-ct"',
488 silly get     'last-modified': 'Sat, 26 May 2018 12:33:29 GMT',
488 silly get     vary: 'accept-encoding, accept',
488 silly get     server: 'cloudflare' } ]
489 verbose etag https://registry.npmjs.org/inherits from cache
490 verbose get saving inherits to /home/laboratoria/.npm/registry.npmjs.org/inherits/.cache.json
491 silly resolveWithNewModule fs.realpath@1.0.0 checking installable status
492 silly cache add args [ 'fs.realpath@^1.0.0', null ]
493 verbose cache add spec fs.realpath@^1.0.0
494 silly cache add parsed spec Result {
494 silly cache add   raw: 'fs.realpath@^1.0.0',
494 silly cache add   scope: null,
494 silly cache add   name: 'fs.realpath',
494 silly cache add   rawSpec: '^1.0.0',
494 silly cache add   spec: '>=1.0.0 <2.0.0',
494 silly cache add   type: 'range' }
495 silly addNamed fs.realpath@>=1.0.0 <2.0.0
496 verbose addNamed ">=1.0.0 <2.0.0" is a valid semver range for fs.realpath
497 silly addNameRange { name: 'fs.realpath', range: '>=1.0.0 <2.0.0', hasData: false }
498 silly mapToRegistry name fs.realpath
499 silly mapToRegistry using default registry
500 silly mapToRegistry registry https://registry.npmjs.org/
501 silly mapToRegistry uri https://registry.npmjs.org/fs.realpath
502 verbose addNameRange registry:https://registry.npmjs.org/fs.realpath not in flight; fetching
503 silly resolveWithNewModule inherits@2.0.3 checking installable status
504 silly cache add args [ 'inherits@2', null ]
505 verbose cache add spec inherits@2
506 silly cache add parsed spec Result {
506 silly cache add   raw: 'inherits@2',
506 silly cache add   scope: null,
506 silly cache add   name: 'inherits',
506 silly cache add   rawSpec: '2',
506 silly cache add   spec: '>=2.0.0 <3.0.0',
506 silly cache add   type: 'range' }
507 silly addNamed inherits@>=2.0.0 <3.0.0
508 verbose addNamed ">=2.0.0 <3.0.0" is a valid semver range for inherits
509 silly addNameRange { name: 'inherits', range: '>=2.0.0 <3.0.0', hasData: false }
510 silly mapToRegistry name inherits
511 silly mapToRegistry using default registry
512 silly mapToRegistry registry https://registry.npmjs.org/
513 silly mapToRegistry uri https://registry.npmjs.org/inherits
514 verbose addNameRange registry:https://registry.npmjs.org/inherits not in flight; fetching
515 verbose get https://registry.npmjs.org/fs.realpath not expired, no request
516 silly addNameRange number 2 { name: 'fs.realpath', range: '>=1.0.0 <2.0.0', hasData: true }
517 silly addNameRange versions [ 'fs.realpath', [ '0.0.0', '1.0.0' ] ]
518 silly addNamed fs.realpath@1.0.0
519 verbose addNamed "1.0.0" is a plain semver version for fs.realpath
520 verbose get https://registry.npmjs.org/inherits not expired, no request
521 silly addNameRange number 2 { name: 'inherits', range: '>=2.0.0 <3.0.0', hasData: true }
522 silly addNameRange versions [ 'inherits',
522 silly addNameRange   [ '1.0.0', '2.0.0', '2.0.1', '1.0.1', '1.0.2', '2.0.3' ] ]
523 silly addNamed inherits@2.0.3
524 verbose addNamed "2.0.3" is a plain semver version for inherits
525 http 304 https://registry.npmjs.org/once
526 verbose headers { date: 'Thu, 19 Jul 2018 18:20:50 GMT',
526 verbose headers   connection: 'keep-alive',
526 verbose headers   'set-cookie':
526 verbose headers    [ '__cfduid=d6038dd1cd39bbcc7dfb505c24e9fdbea1532024450; expires=Fri, 19-Jul-19 18:20:50 GMT; path=/; domain=.registry.npmjs.org; HttpOnly' ],
526 verbose headers   'cache-control': 'max-age=300',
526 verbose headers   'cf-cache-status': 'HIT',
526 verbose headers   'cf-ray': '43cf34509e81bab6-SCL',
526 verbose headers   etag: '"edc9f495d2deed74e80dc05995dc33c2"',
526 verbose headers   'expect-ct': 'max-age=604800, report-uri="https://report-uri.cloudflare.com/cdn-cgi/beacon/expect-ct"',
526 verbose headers   'last-modified': 'Sun, 27 May 2018 11:11:26 GMT',
526 verbose headers   vary: 'accept-encoding, accept',
526 verbose headers   server: 'cloudflare' }
527 silly get cb [ 304,
527 silly get   { date: 'Thu, 19 Jul 2018 18:20:50 GMT',
527 silly get     connection: 'keep-alive',
527 silly get     'set-cookie':
527 silly get      [ '__cfduid=d6038dd1cd39bbcc7dfb505c24e9fdbea1532024450; expires=Fri, 19-Jul-19 18:20:50 GMT; path=/; domain=.registry.npmjs.org; HttpOnly' ],
527 silly get     'cache-control': 'max-age=300',
527 silly get     'cf-cache-status': 'HIT',
527 silly get     'cf-ray': '43cf34509e81bab6-SCL',
527 silly get     etag: '"edc9f495d2deed74e80dc05995dc33c2"',
527 silly get     'expect-ct': 'max-age=604800, report-uri="https://report-uri.cloudflare.com/cdn-cgi/beacon/expect-ct"',
527 silly get     'last-modified': 'Sun, 27 May 2018 11:11:26 GMT',
527 silly get     vary: 'accept-encoding, accept',
527 silly get     server: 'cloudflare' } ]
528 verbose etag https://registry.npmjs.org/once from cache
529 verbose get saving once to /home/laboratoria/.npm/registry.npmjs.org/once/.cache.json
530 silly resolveWithNewModule once@1.4.0 checking installable status
531 silly cache add args [ 'once@^1.3.0', null ]
532 verbose cache add spec once@^1.3.0
533 silly cache add parsed spec Result {
533 silly cache add   raw: 'once@^1.3.0',
533 silly cache add   scope: null,
533 silly cache add   name: 'once',
533 silly cache add   rawSpec: '^1.3.0',
533 silly cache add   spec: '>=1.3.0 <2.0.0',
533 silly cache add   type: 'range' }
534 silly addNamed once@>=1.3.0 <2.0.0
535 verbose addNamed ">=1.3.0 <2.0.0" is a valid semver range for once
536 silly addNameRange { name: 'once', range: '>=1.3.0 <2.0.0', hasData: false }
537 silly mapToRegistry name once
538 silly mapToRegistry using default registry
539 silly mapToRegistry registry https://registry.npmjs.org/
540 silly mapToRegistry uri https://registry.npmjs.org/once
541 verbose addNameRange registry:https://registry.npmjs.org/once not in flight; fetching
542 verbose get https://registry.npmjs.org/once not expired, no request
543 silly addNameRange number 2 { name: 'once', range: '>=1.3.0 <2.0.0', hasData: true }
544 silly addNameRange versions [ 'once',
544 silly addNameRange   [ '1.1.1', '1.2.0', '1.3.0', '1.3.1', '1.3.2', '1.3.3', '1.4.0' ] ]
545 silly addNamed once@1.4.0
546 verbose addNamed "1.4.0" is a plain semver version for once
547 silly cache afterAdd once@1.4.0
548 verbose afterAdd /home/laboratoria/.npm/once/1.4.0/package/package.json not in flight; writing
549 verbose afterAdd /home/laboratoria/.npm/once/1.4.0/package/package.json written
550 http 304 https://registry.npmjs.org/path-is-absolute
551 verbose headers { date: 'Thu, 19 Jul 2018 18:20:50 GMT',
551 verbose headers   connection: 'keep-alive',
551 verbose headers   'set-cookie':
551 verbose headers    [ '__cfduid=d667e64aad13051cb9dfd31e715c2e7fb1532024450; expires=Fri, 19-Jul-19 18:20:50 GMT; path=/; domain=.registry.npmjs.org; HttpOnly' ],
551 verbose headers   'cache-control': 'max-age=300',
551 verbose headers   'cf-cache-status': 'HIT',
551 verbose headers   'cf-ray': '43cf3450a980bae0-SCL',
551 verbose headers   etag: '"889529f8e6c9554a428813bfe5323180"',
551 verbose headers   'expect-ct': 'max-age=604800, report-uri="https://report-uri.cloudflare.com/cdn-cgi/beacon/expect-ct"',
551 verbose headers   'last-modified': 'Sun, 27 May 2018 11:56:47 GMT',
551 verbose headers   vary: 'accept-encoding, accept',
551 verbose headers   server: 'cloudflare' }
552 silly get cb [ 304,
552 silly get   { date: 'Thu, 19 Jul 2018 18:20:50 GMT',
552 silly get     connection: 'keep-alive',
552 silly get     'set-cookie':
552 silly get      [ '__cfduid=d667e64aad13051cb9dfd31e715c2e7fb1532024450; expires=Fri, 19-Jul-19 18:20:50 GMT; path=/; domain=.registry.npmjs.org; HttpOnly' ],
552 silly get     'cache-control': 'max-age=300',
552 silly get     'cf-cache-status': 'HIT',
552 silly get     'cf-ray': '43cf3450a980bae0-SCL',
552 silly get     etag: '"889529f8e6c9554a428813bfe5323180"',
552 silly get     'expect-ct': 'max-age=604800, report-uri="https://report-uri.cloudflare.com/cdn-cgi/beacon/expect-ct"',
552 silly get     'last-modified': 'Sun, 27 May 2018 11:56:47 GMT',
552 silly get     vary: 'accept-encoding, accept',
552 silly get     server: 'cloudflare' } ]
553 verbose etag https://registry.npmjs.org/path-is-absolute from cache
554 verbose get saving path-is-absolute to /home/laboratoria/.npm/registry.npmjs.org/path-is-absolute/.cache.json
555 silly resolveWithNewModule path-is-absolute@1.0.1 checking installable status
556 silly cache add args [ 'path-is-absolute@^1.0.0', null ]
557 verbose cache add spec path-is-absolute@^1.0.0
558 silly cache add parsed spec Result {
558 silly cache add   raw: 'path-is-absolute@^1.0.0',
558 silly cache add   scope: null,
558 silly cache add   name: 'path-is-absolute',
558 silly cache add   rawSpec: '^1.0.0',
558 silly cache add   spec: '>=1.0.0 <2.0.0',
558 silly cache add   type: 'range' }
559 silly addNamed path-is-absolute@>=1.0.0 <2.0.0
560 verbose addNamed ">=1.0.0 <2.0.0" is a valid semver range for path-is-absolute
561 silly addNameRange { name: 'path-is-absolute',
561 silly addNameRange   range: '>=1.0.0 <2.0.0',
561 silly addNameRange   hasData: false }
562 silly mapToRegistry name path-is-absolute
563 silly mapToRegistry using default registry
564 silly mapToRegistry registry https://registry.npmjs.org/
565 silly mapToRegistry uri https://registry.npmjs.org/path-is-absolute
566 verbose addNameRange registry:https://registry.npmjs.org/path-is-absolute not in flight; fetching
567 verbose get https://registry.npmjs.org/path-is-absolute not expired, no request
568 silly addNameRange number 2 { name: 'path-is-absolute',
568 silly addNameRange   range: '>=1.0.0 <2.0.0',
568 silly addNameRange   hasData: true }
569 silly addNameRange versions [ 'path-is-absolute', [ '1.0.0', '1.0.1' ] ]
570 silly addNamed path-is-absolute@1.0.1
571 verbose addNamed "1.0.1" is a plain semver version for path-is-absolute
572 silly cache afterAdd inherits@2.0.3
573 verbose afterAdd /home/laboratoria/.npm/inherits/2.0.3/package/package.json not in flight; writing
574 silly cache afterAdd fs.realpath@1.0.0
575 verbose afterAdd /home/laboratoria/.npm/fs.realpath/1.0.0/package/package.json not in flight; writing
576 verbose afterAdd /home/laboratoria/.npm/fs.realpath/1.0.0/package/package.json written
577 verbose afterAdd /home/laboratoria/.npm/inherits/2.0.3/package/package.json written
578 silly cache afterAdd path-is-absolute@1.0.1
579 verbose afterAdd /home/laboratoria/.npm/path-is-absolute/1.0.1/package/package.json not in flight; writing
580 verbose afterAdd /home/laboratoria/.npm/path-is-absolute/1.0.1/package/package.json written
581 http 304 https://registry.npmjs.org/inflight
582 verbose headers { date: 'Thu, 19 Jul 2018 18:20:50 GMT',
582 verbose headers   connection: 'keep-alive',
582 verbose headers   'set-cookie':
582 verbose headers    [ '__cfduid=df90984e1a170c0b5e31ad6cb1e6c10381532024450; expires=Fri, 19-Jul-19 18:20:50 GMT; path=/; domain=.registry.npmjs.org; HttpOnly' ],
582 verbose headers   'cache-control': 'max-age=300',
582 verbose headers   'cf-cache-status': 'HIT',
582 verbose headers   'cf-ray': '43cf3450b949bb04-SCL',
582 verbose headers   etag: '"ee7822cd1180fc0dc8acae0ecd7775d7"',
582 verbose headers   'expect-ct': 'max-age=604800, report-uri="https://report-uri.cloudflare.com/cdn-cgi/beacon/expect-ct"',
582 verbose headers   'last-modified': 'Sun, 27 May 2018 04:39:13 GMT',
582 verbose headers   vary: 'accept-encoding, accept',
582 verbose headers   server: 'cloudflare' }
583 silly get cb [ 304,
583 silly get   { date: 'Thu, 19 Jul 2018 18:20:50 GMT',
583 silly get     connection: 'keep-alive',
583 silly get     'set-cookie':
583 silly get      [ '__cfduid=df90984e1a170c0b5e31ad6cb1e6c10381532024450; expires=Fri, 19-Jul-19 18:20:50 GMT; path=/; domain=.registry.npmjs.org; HttpOnly' ],
583 silly get     'cache-control': 'max-age=300',
583 silly get     'cf-cache-status': 'HIT',
583 silly get     'cf-ray': '43cf3450b949bb04-SCL',
583 silly get     etag: '"ee7822cd1180fc0dc8acae0ecd7775d7"',
583 silly get     'expect-ct': 'max-age=604800, report-uri="https://report-uri.cloudflare.com/cdn-cgi/beacon/expect-ct"',
583 silly get     'last-modified': 'Sun, 27 May 2018 04:39:13 GMT',
583 silly get     vary: 'accept-encoding, accept',
583 silly get     server: 'cloudflare' } ]
584 verbose etag https://registry.npmjs.org/inflight from cache
585 verbose get saving inflight to /home/laboratoria/.npm/registry.npmjs.org/inflight/.cache.json
586 silly resolveWithNewModule inflight@1.0.6 checking installable status
587 silly cache add args [ 'inflight@^1.0.4', null ]
588 verbose cache add spec inflight@^1.0.4
589 silly cache add parsed spec Result {
589 silly cache add   raw: 'inflight@^1.0.4',
589 silly cache add   scope: null,
589 silly cache add   name: 'inflight',
589 silly cache add   rawSpec: '^1.0.4',
589 silly cache add   spec: '>=1.0.4 <2.0.0',
589 silly cache add   type: 'range' }
590 silly addNamed inflight@>=1.0.4 <2.0.0
591 verbose addNamed ">=1.0.4 <2.0.0" is a valid semver range for inflight
592 silly addNameRange { name: 'inflight', range: '>=1.0.4 <2.0.0', hasData: false }
593 silly mapToRegistry name inflight
594 silly mapToRegistry using default registry
595 silly mapToRegistry registry https://registry.npmjs.org/
596 silly mapToRegistry uri https://registry.npmjs.org/inflight
597 verbose addNameRange registry:https://registry.npmjs.org/inflight not in flight; fetching
598 verbose get https://registry.npmjs.org/inflight not expired, no request
599 silly addNameRange number 2 { name: 'inflight', range: '>=1.0.4 <2.0.0', hasData: true }
600 silly addNameRange versions [ 'inflight',
600 silly addNameRange   [ '1.0.0', '1.0.1', '1.0.2', '1.0.3', '1.0.4', '1.0.5', '1.0.6' ] ]
601 silly addNamed inflight@1.0.6
602 verbose addNamed "1.0.6" is a plain semver version for inflight
603 silly cache afterAdd inflight@1.0.6
604 verbose afterAdd /home/laboratoria/.npm/inflight/1.0.6/package/package.json not in flight; writing
605 verbose afterAdd /home/laboratoria/.npm/inflight/1.0.6/package/package.json written
606 silly fetchNamedPackageData wrappy
607 silly mapToRegistry name wrappy
608 silly mapToRegistry using default registry
609 silly mapToRegistry registry https://registry.npmjs.org/
610 silly mapToRegistry uri https://registry.npmjs.org/wrappy
611 verbose request uri https://registry.npmjs.org/wrappy
612 verbose request no auth needed
613 info attempt registry request try #1 at 14:20:50
614 verbose etag W/"c2550d84d2c7b8c47da2551ef2c749ac"
615 verbose lastModified Sun, 27 May 2018 22:18:40 GMT
616 http request GET https://registry.npmjs.org/wrappy
617 http 304 https://registry.npmjs.org/wrappy
618 verbose headers { date: 'Thu, 19 Jul 2018 18:20:50 GMT',
618 verbose headers   connection: 'keep-alive',
618 verbose headers   'set-cookie':
618 verbose headers    [ '__cfduid=d12bbcef15aba13867a937ae09140ad561532024450; expires=Fri, 19-Jul-19 18:20:50 GMT; path=/; domain=.registry.npmjs.org; HttpOnly' ],
618 verbose headers   'cache-control': 'max-age=300',
618 verbose headers   'cf-cache-status': 'HIT',
618 verbose headers   'cf-ray': '43cf345138f0bac8-SCL',
618 verbose headers   etag: '"c2550d84d2c7b8c47da2551ef2c749ac"',
618 verbose headers   'expect-ct': 'max-age=604800, report-uri="https://report-uri.cloudflare.com/cdn-cgi/beacon/expect-ct"',
618 verbose headers   'last-modified': 'Sun, 27 May 2018 22:18:40 GMT',
618 verbose headers   vary: 'accept-encoding, accept',
618 verbose headers   server: 'cloudflare' }
619 silly get cb [ 304,
619 silly get   { date: 'Thu, 19 Jul 2018 18:20:50 GMT',
619 silly get     connection: 'keep-alive',
619 silly get     'set-cookie':
619 silly get      [ '__cfduid=d12bbcef15aba13867a937ae09140ad561532024450; expires=Fri, 19-Jul-19 18:20:50 GMT; path=/; domain=.registry.npmjs.org; HttpOnly' ],
619 silly get     'cache-control': 'max-age=300',
619 silly get     'cf-cache-status': 'HIT',
619 silly get     'cf-ray': '43cf345138f0bac8-SCL',
619 silly get     etag: '"c2550d84d2c7b8c47da2551ef2c749ac"',
619 silly get     'expect-ct': 'max-age=604800, report-uri="https://report-uri.cloudflare.com/cdn-cgi/beacon/expect-ct"',
619 silly get     'last-modified': 'Sun, 27 May 2018 22:18:40 GMT',
619 silly get     vary: 'accept-encoding, accept',
619 silly get     server: 'cloudflare' } ]
620 verbose etag https://registry.npmjs.org/wrappy from cache
621 verbose get saving wrappy to /home/laboratoria/.npm/registry.npmjs.org/wrappy/.cache.json
622 silly resolveWithNewModule wrappy@1.0.2 checking installable status
623 silly cache add args [ 'wrappy@1', null ]
624 verbose cache add spec wrappy@1
625 silly cache add parsed spec Result {
625 silly cache add   raw: 'wrappy@1',
625 silly cache add   scope: null,
625 silly cache add   name: 'wrappy',
625 silly cache add   rawSpec: '1',
625 silly cache add   spec: '>=1.0.0 <2.0.0',
625 silly cache add   type: 'range' }
626 silly addNamed wrappy@>=1.0.0 <2.0.0
627 verbose addNamed ">=1.0.0 <2.0.0" is a valid semver range for wrappy
628 silly addNameRange { name: 'wrappy', range: '>=1.0.0 <2.0.0', hasData: false }
629 silly mapToRegistry name wrappy
630 silly mapToRegistry using default registry
631 silly mapToRegistry registry https://registry.npmjs.org/
632 silly mapToRegistry uri https://registry.npmjs.org/wrappy
633 verbose addNameRange registry:https://registry.npmjs.org/wrappy not in flight; fetching
634 verbose get https://registry.npmjs.org/wrappy not expired, no request
635 silly addNameRange number 2 { name: 'wrappy', range: '>=1.0.0 <2.0.0', hasData: true }
636 silly addNameRange versions [ 'wrappy', [ '1.0.0', '1.0.1', '1.0.2' ] ]
637 silly addNamed wrappy@1.0.2
638 verbose addNamed "1.0.2" is a plain semver version for wrappy
639 silly cache afterAdd wrappy@1.0.2
640 verbose afterAdd /home/laboratoria/.npm/wrappy/1.0.2/package/package.json not in flight; writing
641 verbose afterAdd /home/laboratoria/.npm/wrappy/1.0.2/package/package.json written
642 silly fetchNamedPackageData brace-expansion
643 silly mapToRegistry name brace-expansion
644 silly mapToRegistry using default registry
645 silly mapToRegistry registry https://registry.npmjs.org/
646 silly mapToRegistry uri https://registry.npmjs.org/brace-expansion
647 verbose request uri https://registry.npmjs.org/brace-expansion
648 verbose request no auth needed
649 info attempt registry request try #1 at 14:20:50
650 verbose etag W/"e1bb7280c24dff102c3475d67515cff5"
651 verbose lastModified Sat, 26 May 2018 18:55:42 GMT
652 http request GET https://registry.npmjs.org/brace-expansion
653 http 304 https://registry.npmjs.org/brace-expansion
654 verbose headers { date: 'Thu, 19 Jul 2018 18:20:50 GMT',
654 verbose headers   connection: 'keep-alive',
654 verbose headers   'set-cookie':
654 verbose headers    [ '__cfduid=de75d6df3f54fedd190ba690c4e7117891532024450; expires=Fri, 19-Jul-19 18:20:50 GMT; path=/; domain=.registry.npmjs.org; HttpOnly' ],
654 verbose headers   'cache-control': 'max-age=300',
654 verbose headers   'cf-cache-status': 'HIT',
654 verbose headers   'cf-ray': '43cf34519b4cbad4-SCL',
654 verbose headers   etag: '"e1bb7280c24dff102c3475d67515cff5"',
654 verbose headers   'expect-ct': 'max-age=604800, report-uri="https://report-uri.cloudflare.com/cdn-cgi/beacon/expect-ct"',
654 verbose headers   'last-modified': 'Sat, 26 May 2018 18:55:42 GMT',
654 verbose headers   vary: 'accept-encoding, accept',
654 verbose headers   server: 'cloudflare' }
655 silly get cb [ 304,
655 silly get   { date: 'Thu, 19 Jul 2018 18:20:50 GMT',
655 silly get     connection: 'keep-alive',
655 silly get     'set-cookie':
655 silly get      [ '__cfduid=de75d6df3f54fedd190ba690c4e7117891532024450; expires=Fri, 19-Jul-19 18:20:50 GMT; path=/; domain=.registry.npmjs.org; HttpOnly' ],
655 silly get     'cache-control': 'max-age=300',
655 silly get     'cf-cache-status': 'HIT',
655 silly get     'cf-ray': '43cf34519b4cbad4-SCL',
655 silly get     etag: '"e1bb7280c24dff102c3475d67515cff5"',
655 silly get     'expect-ct': 'max-age=604800, report-uri="https://report-uri.cloudflare.com/cdn-cgi/beacon/expect-ct"',
655 silly get     'last-modified': 'Sat, 26 May 2018 18:55:42 GMT',
655 silly get     vary: 'accept-encoding, accept',
655 silly get     server: 'cloudflare' } ]
656 verbose etag https://registry.npmjs.org/brace-expansion from cache
657 verbose get saving brace-expansion to /home/laboratoria/.npm/registry.npmjs.org/brace-expansion/.cache.json
658 silly resolveWithNewModule brace-expansion@1.1.11 checking installable status
659 silly cache add args [ 'brace-expansion@^1.1.7', null ]
660 verbose cache add spec brace-expansion@^1.1.7
661 silly cache add parsed spec Result {
661 silly cache add   raw: 'brace-expansion@^1.1.7',
661 silly cache add   scope: null,
661 silly cache add   name: 'brace-expansion',
661 silly cache add   rawSpec: '^1.1.7',
661 silly cache add   spec: '>=1.1.7 <2.0.0',
661 silly cache add   type: 'range' }
662 silly addNamed brace-expansion@>=1.1.7 <2.0.0
663 verbose addNamed ">=1.1.7 <2.0.0" is a valid semver range for brace-expansion
664 silly addNameRange { name: 'brace-expansion',
664 silly addNameRange   range: '>=1.1.7 <2.0.0',
664 silly addNameRange   hasData: false }
665 silly mapToRegistry name brace-expansion
666 silly mapToRegistry using default registry
667 silly mapToRegistry registry https://registry.npmjs.org/
668 silly mapToRegistry uri https://registry.npmjs.org/brace-expansion
669 verbose addNameRange registry:https://registry.npmjs.org/brace-expansion not in flight; fetching
670 verbose get https://registry.npmjs.org/brace-expansion not expired, no request
671 silly addNameRange number 2 { name: 'brace-expansion',
671 silly addNameRange   range: '>=1.1.7 <2.0.0',
671 silly addNameRange   hasData: true }
672 silly addNameRange versions [ 'brace-expansion',
672 silly addNameRange   [ '0.0.0',
672 silly addNameRange     '1.0.0',
672 silly addNameRange     '1.0.1',
672 silly addNameRange     '1.1.0',
672 silly addNameRange     '1.1.1',
672 silly addNameRange     '1.1.2',
672 silly addNameRange     '1.1.3',
672 silly addNameRange     '1.1.4',
672 silly addNameRange     '1.1.5',
672 silly addNameRange     '1.1.6',
672 silly addNameRange     '1.1.7',
672 silly addNameRange     '1.1.8',
672 silly addNameRange     '1.1.9',
672 silly addNameRange     '1.1.10',
672 silly addNameRange     '1.1.11' ] ]
673 silly addNamed brace-expansion@1.1.11
674 verbose addNamed "1.1.11" is a plain semver version for brace-expansion
675 silly cache afterAdd brace-expansion@1.1.11
676 verbose afterAdd /home/laboratoria/.npm/brace-expansion/1.1.11/package/package.json not in flight; writing
677 verbose afterAdd /home/laboratoria/.npm/brace-expansion/1.1.11/package/package.json written
678 silly fetchNamedPackageData balanced-match
679 silly mapToRegistry name balanced-match
680 silly mapToRegistry using default registry
681 silly mapToRegistry registry https://registry.npmjs.org/
682 silly mapToRegistry uri https://registry.npmjs.org/balanced-match
683 silly fetchNamedPackageData concat-map
684 silly mapToRegistry name concat-map
685 silly mapToRegistry using default registry
686 silly mapToRegistry registry https://registry.npmjs.org/
687 silly mapToRegistry uri https://registry.npmjs.org/concat-map
688 verbose request uri https://registry.npmjs.org/balanced-match
689 verbose request no auth needed
690 info attempt registry request try #1 at 14:20:50
691 verbose etag W/"768eec147806bc710f6b097c6384abbf"
692 verbose lastModified Sat, 26 May 2018 01:46:26 GMT
693 http request GET https://registry.npmjs.org/balanced-match
694 verbose request uri https://registry.npmjs.org/concat-map
695 verbose request no auth needed
696 info attempt registry request try #1 at 14:20:50
697 verbose etag W/"94c413d99b46c784f563e6153e58a1d4"
698 verbose lastModified Sat, 26 May 2018 20:40:55 GMT
699 http request GET https://registry.npmjs.org/concat-map
700 http 304 https://registry.npmjs.org/concat-map
701 verbose headers { date: 'Thu, 19 Jul 2018 18:20:51 GMT',
701 verbose headers   connection: 'keep-alive',
701 verbose headers   'set-cookie':
701 verbose headers    [ '__cfduid=da138289ed9442a0276d4ec5a446bcc3b1532024451; expires=Fri, 19-Jul-19 18:20:51 GMT; path=/; domain=.registry.npmjs.org; HttpOnly' ],
701 verbose headers   'cache-control': 'max-age=300',
701 verbose headers   'cf-cache-status': 'HIT',
701 verbose headers   'cf-ray': '43cf3452cbd3bab0-SCL',
701 verbose headers   etag: '"94c413d99b46c784f563e6153e58a1d4"',
701 verbose headers   'expect-ct': 'max-age=604800, report-uri="https://report-uri.cloudflare.com/cdn-cgi/beacon/expect-ct"',
701 verbose headers   'last-modified': 'Sat, 26 May 2018 20:40:55 GMT',
701 verbose headers   vary: 'accept-encoding, accept',
701 verbose headers   server: 'cloudflare' }
702 silly get cb [ 304,
702 silly get   { date: 'Thu, 19 Jul 2018 18:20:51 GMT',
702 silly get     connection: 'keep-alive',
702 silly get     'set-cookie':
702 silly get      [ '__cfduid=da138289ed9442a0276d4ec5a446bcc3b1532024451; expires=Fri, 19-Jul-19 18:20:51 GMT; path=/; domain=.registry.npmjs.org; HttpOnly' ],
702 silly get     'cache-control': 'max-age=300',
702 silly get     'cf-cache-status': 'HIT',
702 silly get     'cf-ray': '43cf3452cbd3bab0-SCL',
702 silly get     etag: '"94c413d99b46c784f563e6153e58a1d4"',
702 silly get     'expect-ct': 'max-age=604800, report-uri="https://report-uri.cloudflare.com/cdn-cgi/beacon/expect-ct"',
702 silly get     'last-modified': 'Sat, 26 May 2018 20:40:55 GMT',
702 silly get     vary: 'accept-encoding, accept',
702 silly get     server: 'cloudflare' } ]
703 verbose etag https://registry.npmjs.org/concat-map from cache
704 verbose get saving concat-map to /home/laboratoria/.npm/registry.npmjs.org/concat-map/.cache.json
705 http 304 https://registry.npmjs.org/balanced-match
706 verbose headers { date: 'Thu, 19 Jul 2018 18:20:51 GMT',
706 verbose headers   connection: 'keep-alive',
706 verbose headers   'set-cookie':
706 verbose headers    [ '__cfduid=d7c0171ae12ea3d4d4bb57408dcb839df1532024451; expires=Fri, 19-Jul-19 18:20:51 GMT; path=/; domain=.registry.npmjs.org; HttpOnly' ],
706 verbose headers   'cache-control': 'max-age=300',
706 verbose headers   'cf-cache-status': 'HIT',
706 verbose headers   'cf-ray': '43cf3452cb8fba9e-SCL',
706 verbose headers   etag: '"768eec147806bc710f6b097c6384abbf"',
706 verbose headers   'expect-ct': 'max-age=604800, report-uri="https://report-uri.cloudflare.com/cdn-cgi/beacon/expect-ct"',
706 verbose headers   'last-modified': 'Sat, 26 May 2018 01:46:26 GMT',
706 verbose headers   vary: 'accept-encoding, accept',
706 verbose headers   server: 'cloudflare' }
707 silly get cb [ 304,
707 silly get   { date: 'Thu, 19 Jul 2018 18:20:51 GMT',
707 silly get     connection: 'keep-alive',
707 silly get     'set-cookie':
707 silly get      [ '__cfduid=d7c0171ae12ea3d4d4bb57408dcb839df1532024451; expires=Fri, 19-Jul-19 18:20:51 GMT; path=/; domain=.registry.npmjs.org; HttpOnly' ],
707 silly get     'cache-control': 'max-age=300',
707 silly get     'cf-cache-status': 'HIT',
707 silly get     'cf-ray': '43cf3452cb8fba9e-SCL',
707 silly get     etag: '"768eec147806bc710f6b097c6384abbf"',
707 silly get     'expect-ct': 'max-age=604800, report-uri="https://report-uri.cloudflare.com/cdn-cgi/beacon/expect-ct"',
707 silly get     'last-modified': 'Sat, 26 May 2018 01:46:26 GMT',
707 silly get     vary: 'accept-encoding, accept',
707 silly get     server: 'cloudflare' } ]
708 verbose etag https://registry.npmjs.org/balanced-match from cache
709 verbose get saving balanced-match to /home/laboratoria/.npm/registry.npmjs.org/balanced-match/.cache.json
710 silly resolveWithNewModule concat-map@0.0.1 checking installable status
711 silly cache add args [ 'concat-map@0.0.1', null ]
712 verbose cache add spec concat-map@0.0.1
713 silly cache add parsed spec Result {
713 silly cache add   raw: 'concat-map@0.0.1',
713 silly cache add   scope: null,
713 silly cache add   name: 'concat-map',
713 silly cache add   rawSpec: '0.0.1',
713 silly cache add   spec: '0.0.1',
713 silly cache add   type: 'version' }
714 silly addNamed concat-map@0.0.1
715 verbose addNamed "0.0.1" is a plain semver version for concat-map
716 silly mapToRegistry name concat-map
717 silly mapToRegistry using default registry
718 silly mapToRegistry registry https://registry.npmjs.org/
719 silly mapToRegistry uri https://registry.npmjs.org/concat-map
720 verbose addNameVersion registry:https://registry.npmjs.org/concat-map not in flight; fetching
721 verbose get https://registry.npmjs.org/concat-map not expired, no request
722 silly resolveWithNewModule balanced-match@1.0.0 checking installable status
723 silly cache add args [ 'balanced-match@^1.0.0', null ]
724 verbose cache add spec balanced-match@^1.0.0
725 silly cache add parsed spec Result {
725 silly cache add   raw: 'balanced-match@^1.0.0',
725 silly cache add   scope: null,
725 silly cache add   name: 'balanced-match',
725 silly cache add   rawSpec: '^1.0.0',
725 silly cache add   spec: '>=1.0.0 <2.0.0',
725 silly cache add   type: 'range' }
726 silly addNamed balanced-match@>=1.0.0 <2.0.0
727 verbose addNamed ">=1.0.0 <2.0.0" is a valid semver range for balanced-match
728 silly addNameRange { name: 'balanced-match',
728 silly addNameRange   range: '>=1.0.0 <2.0.0',
728 silly addNameRange   hasData: false }
729 silly mapToRegistry name balanced-match
730 silly mapToRegistry using default registry
731 silly mapToRegistry registry https://registry.npmjs.org/
732 silly mapToRegistry uri https://registry.npmjs.org/balanced-match
733 verbose addNameRange registry:https://registry.npmjs.org/balanced-match not in flight; fetching
734 verbose get https://registry.npmjs.org/balanced-match not expired, no request
735 silly addNameRange number 2 { name: 'balanced-match',
735 silly addNameRange   range: '>=1.0.0 <2.0.0',
735 silly addNameRange   hasData: true }
736 silly addNameRange versions [ 'balanced-match',
736 silly addNameRange   [ '0.0.0',
736 silly addNameRange     '0.0.1',
736 silly addNameRange     '0.1.0',
736 silly addNameRange     '0.2.0',
736 silly addNameRange     '0.2.1',
736 silly addNameRange     '0.3.0',
736 silly addNameRange     '0.4.0',
736 silly addNameRange     '0.4.1',
736 silly addNameRange     '0.4.2',
736 silly addNameRange     '1.0.0' ] ]
737 silly addNamed balanced-match@1.0.0
738 verbose addNamed "1.0.0" is a plain semver version for balanced-match
739 silly cache afterAdd concat-map@0.0.1
740 verbose afterAdd /home/laboratoria/.npm/concat-map/0.0.1/package/package.json not in flight; writing
741 silly cache afterAdd balanced-match@1.0.0
742 verbose afterAdd /home/laboratoria/.npm/balanced-match/1.0.0/package/package.json not in flight; writing
743 verbose afterAdd /home/laboratoria/.npm/concat-map/0.0.1/package/package.json written
744 verbose afterAdd /home/laboratoria/.npm/balanced-match/1.0.0/package/package.json written
745 silly fetchNamedPackageData minimist
746 silly mapToRegistry name minimist
747 silly mapToRegistry using default registry
748 silly mapToRegistry registry https://registry.npmjs.org/
749 silly mapToRegistry uri https://registry.npmjs.org/minimist
750 verbose request uri https://registry.npmjs.org/minimist
751 verbose request no auth needed
752 info attempt registry request try #1 at 14:20:51
753 verbose etag W/"a0b426a2c90a93be26bd6141b77d1f18"
754 verbose lastModified Sun, 27 May 2018 08:07:34 GMT
755 http request GET https://registry.npmjs.org/minimist
756 http 304 https://registry.npmjs.org/minimist
757 verbose headers { date: 'Thu, 19 Jul 2018 18:20:51 GMT',
757 verbose headers   connection: 'keep-alive',
757 verbose headers   'set-cookie':
757 verbose headers    [ '__cfduid=d2a0b700826473f25e0e216f3941131221532024451; expires=Fri, 19-Jul-19 18:20:51 GMT; path=/; domain=.registry.npmjs.org; HttpOnly' ],
757 verbose headers   'cache-control': 'max-age=300',
757 verbose headers   'cf-cache-status': 'HIT',
757 verbose headers   'cf-ray': '43cf34535a77baf8-SCL',
757 verbose headers   etag: '"a0b426a2c90a93be26bd6141b77d1f18"',
757 verbose headers   'expect-ct': 'max-age=604800, report-uri="https://report-uri.cloudflare.com/cdn-cgi/beacon/expect-ct"',
757 verbose headers   'last-modified': 'Sun, 27 May 2018 08:07:34 GMT',
757 verbose headers   vary: 'accept-encoding, accept',
757 verbose headers   server: 'cloudflare' }
758 silly get cb [ 304,
758 silly get   { date: 'Thu, 19 Jul 2018 18:20:51 GMT',
758 silly get     connection: 'keep-alive',
758 silly get     'set-cookie':
758 silly get      [ '__cfduid=d2a0b700826473f25e0e216f3941131221532024451; expires=Fri, 19-Jul-19 18:20:51 GMT; path=/; domain=.registry.npmjs.org; HttpOnly' ],
758 silly get     'cache-control': 'max-age=300',
758 silly get     'cf-cache-status': 'HIT',
758 silly get     'cf-ray': '43cf34535a77baf8-SCL',
758 silly get     etag: '"a0b426a2c90a93be26bd6141b77d1f18"',
758 silly get     'expect-ct': 'max-age=604800, report-uri="https://report-uri.cloudflare.com/cdn-cgi/beacon/expect-ct"',
758 silly get     'last-modified': 'Sun, 27 May 2018 08:07:34 GMT',
758 silly get     vary: 'accept-encoding, accept',
758 silly get     server: 'cloudflare' } ]
759 verbose etag https://registry.npmjs.org/minimist from cache
760 verbose get saving minimist to /home/laboratoria/.npm/registry.npmjs.org/minimist/.cache.json
761 silly resolveWithNewModule minimist@0.0.8 checking installable status
762 silly cache add args [ 'minimist@0.0.8', null ]
763 verbose cache add spec minimist@0.0.8
764 silly cache add parsed spec Result {
764 silly cache add   raw: 'minimist@0.0.8',
764 silly cache add   scope: null,
764 silly cache add   name: 'minimist',
764 silly cache add   rawSpec: '0.0.8',
764 silly cache add   spec: '0.0.8',
764 silly cache add   type: 'version' }
765 silly addNamed minimist@0.0.8
766 verbose addNamed "0.0.8" is a plain semver version for minimist
767 silly mapToRegistry name minimist
768 silly mapToRegistry using default registry
769 silly mapToRegistry registry https://registry.npmjs.org/
770 silly mapToRegistry uri https://registry.npmjs.org/minimist
771 verbose addNameVersion registry:https://registry.npmjs.org/minimist not in flight; fetching
772 verbose get https://registry.npmjs.org/minimist not expired, no request
773 silly cache afterAdd minimist@0.0.8
774 verbose afterAdd /home/laboratoria/.npm/minimist/0.0.8/package/package.json not in flight; writing
775 verbose afterAdd /home/laboratoria/.npm/minimist/0.0.8/package/package.json written
776 silly fetchNamedPackageData has-flag
777 silly mapToRegistry name has-flag
778 silly mapToRegistry using default registry
779 silly mapToRegistry registry https://registry.npmjs.org/
780 silly mapToRegistry uri https://registry.npmjs.org/has-flag
781 verbose request uri https://registry.npmjs.org/has-flag
782 verbose request no auth needed
783 info attempt registry request try #1 at 14:20:51
784 verbose etag W/"cadac1c1cc1ff622672831a21871ceca"
785 verbose lastModified Sun, 27 May 2018 03:34:16 GMT
786 http request GET https://registry.npmjs.org/has-flag
787 http 304 https://registry.npmjs.org/has-flag
788 verbose headers { date: 'Thu, 19 Jul 2018 18:20:51 GMT',
788 verbose headers   connection: 'keep-alive',
788 verbose headers   'set-cookie':
788 verbose headers    [ '__cfduid=da138289ed9442a0276d4ec5a446bcc3b1532024451; expires=Fri, 19-Jul-19 18:20:51 GMT; path=/; domain=.registry.npmjs.org; HttpOnly' ],
788 verbose headers   'cache-control': 'max-age=300',
788 verbose headers   'cf-cache-status': 'HIT',
788 verbose headers   'cf-ray': '43cf3453dc81bab0-SCL',
788 verbose headers   etag: '"cadac1c1cc1ff622672831a21871ceca"',
788 verbose headers   'expect-ct': 'max-age=604800, report-uri="https://report-uri.cloudflare.com/cdn-cgi/beacon/expect-ct"',
788 verbose headers   'last-modified': 'Sun, 27 May 2018 03:34:16 GMT',
788 verbose headers   vary: 'accept-encoding, accept',
788 verbose headers   server: 'cloudflare' }
789 silly get cb [ 304,
789 silly get   { date: 'Thu, 19 Jul 2018 18:20:51 GMT',
789 silly get     connection: 'keep-alive',
789 silly get     'set-cookie':
789 silly get      [ '__cfduid=da138289ed9442a0276d4ec5a446bcc3b1532024451; expires=Fri, 19-Jul-19 18:20:51 GMT; path=/; domain=.registry.npmjs.org; HttpOnly' ],
789 silly get     'cache-control': 'max-age=300',
789 silly get     'cf-cache-status': 'HIT',
789 silly get     'cf-ray': '43cf3453dc81bab0-SCL',
789 silly get     etag: '"cadac1c1cc1ff622672831a21871ceca"',
789 silly get     'expect-ct': 'max-age=604800, report-uri="https://report-uri.cloudflare.com/cdn-cgi/beacon/expect-ct"',
789 silly get     'last-modified': 'Sun, 27 May 2018 03:34:16 GMT',
789 silly get     vary: 'accept-encoding, accept',
789 silly get     server: 'cloudflare' } ]
790 verbose etag https://registry.npmjs.org/has-flag from cache
791 verbose get saving has-flag to /home/laboratoria/.npm/registry.npmjs.org/has-flag/.cache.json
792 silly resolveWithNewModule has-flag@3.0.0 checking installable status
793 silly cache add args [ 'has-flag@^3.0.0', null ]
794 verbose cache add spec has-flag@^3.0.0
795 silly cache add parsed spec Result {
795 silly cache add   raw: 'has-flag@^3.0.0',
795 silly cache add   scope: null,
795 silly cache add   name: 'has-flag',
795 silly cache add   rawSpec: '^3.0.0',
795 silly cache add   spec: '>=3.0.0 <4.0.0',
795 silly cache add   type: 'range' }
796 silly addNamed has-flag@>=3.0.0 <4.0.0
797 verbose addNamed ">=3.0.0 <4.0.0" is a valid semver range for has-flag
798 silly addNameRange { name: 'has-flag', range: '>=3.0.0 <4.0.0', hasData: false }
799 silly mapToRegistry name has-flag
800 silly mapToRegistry using default registry
801 silly mapToRegistry registry https://registry.npmjs.org/
802 silly mapToRegistry uri https://registry.npmjs.org/has-flag
803 verbose addNameRange registry:https://registry.npmjs.org/has-flag not in flight; fetching
804 verbose get https://registry.npmjs.org/has-flag not expired, no request
805 silly addNameRange number 2 { name: 'has-flag', range: '>=3.0.0 <4.0.0', hasData: true }
806 silly addNameRange versions [ 'has-flag', [ '1.0.0', '2.0.0', '3.0.0' ] ]
807 silly addNamed has-flag@3.0.0
808 verbose addNamed "3.0.0" is a plain semver version for has-flag
809 silly cache afterAdd has-flag@3.0.0
810 verbose afterAdd /home/laboratoria/.npm/has-flag/3.0.0/package/package.json not in flight; writing
811 verbose afterAdd /home/laboratoria/.npm/has-flag/3.0.0/package/package.json written
812 silly loadAllDepsIntoIdealTree Finishing
813 silly idealTree:prePrune lib
813 silly idealTree:prePrune  mocha@5.2.0
813 silly idealTree:prePrune    balanced-match@1.0.0
813 silly idealTree:prePrune    brace-expansion@1.1.11
813 silly idealTree:prePrune    browser-stdout@1.3.1
813 silly idealTree:prePrune    commander@2.15.1
813 silly idealTree:prePrune    concat-map@0.0.1
813 silly idealTree:prePrune    debug@3.1.0
813 silly idealTree:prePrune    diff@3.5.0
813 silly idealTree:prePrune    escape-string-regexp@1.0.5
813 silly idealTree:prePrune    fs.realpath@1.0.0
813 silly idealTree:prePrune    glob@7.1.2
813 silly idealTree:prePrune    growl@1.10.5
813 silly idealTree:prePrune    has-flag@3.0.0
813 silly idealTree:prePrune    he@1.1.1
813 silly idealTree:prePrune    inflight@1.0.6
813 silly idealTree:prePrune    inherits@2.0.3
813 silly idealTree:prePrune    minimatch@3.0.4
813 silly idealTree:prePrune    minimist@0.0.8
813 silly idealTree:prePrune    mkdirp@0.5.1
813 silly idealTree:prePrune    ms@2.0.0
813 silly idealTree:prePrune    once@1.4.0
813 silly idealTree:prePrune    path-is-absolute@1.0.1
813 silly idealTree:prePrune    supports-color@5.4.0
813 silly idealTree:prePrune    wrappy@1.0.2
814 silly loadIdealTree Finishing
815 silly currentTree lib
816 silly idealTree lib
816 silly idealTree  mocha@5.2.0
816 silly idealTree    balanced-match@1.0.0
816 silly idealTree    brace-expansion@1.1.11
816 silly idealTree    browser-stdout@1.3.1
816 silly idealTree    commander@2.15.1
816 silly idealTree    concat-map@0.0.1
816 silly idealTree    debug@3.1.0
816 silly idealTree    diff@3.5.0
816 silly idealTree    escape-string-regexp@1.0.5
816 silly idealTree    fs.realpath@1.0.0
816 silly idealTree    glob@7.1.2
816 silly idealTree    growl@1.10.5
816 silly idealTree    has-flag@3.0.0
816 silly idealTree    he@1.1.1
816 silly idealTree    inflight@1.0.6
816 silly idealTree    inherits@2.0.3
816 silly idealTree    minimatch@3.0.4
816 silly idealTree    minimist@0.0.8
816 silly idealTree    mkdirp@0.5.1
816 silly idealTree    ms@2.0.0
816 silly idealTree    once@1.4.0
816 silly idealTree    path-is-absolute@1.0.1
816 silly idealTree    supports-color@5.4.0
816 silly idealTree    wrappy@1.0.2
817 silly generateActionsToTake Starting
818 silly install generateActionsToTake
819 warn checkPermissions Missing write access to /usr/local/lib
820 silly rollbackFailedOptional Starting
821 silly rollbackFailedOptional Finishing
822 silly runTopLevelLifecycles Starting
823 silly runTopLevelLifecycles Finishing
824 silly install printInstalled
825 verbose stack Error: EACCES: permission denied, access '/usr/local/lib'
826 verbose cwd /home/laboratoria/Escritorio/scl-2018-05-bc-core-pm-socialnetwork
827 error Linux 4.15.0-23-generic
828 error argv "/usr/bin/node" "/usr/bin/npm" "install" "--global" "mocha"
829 error node v8.10.0
830 error npm  v3.5.2
831 error path /usr/local/lib
832 error code EACCES
833 error errno -13
834 error syscall access
835 error Error: EACCES: permission denied, access '/usr/local/lib'
835 error  { Error: EACCES: permission denied, access '/usr/local/lib'
835 error   errno: -13,
835 error   code: 'EACCES',
835 error   syscall: 'access',
835 error   path: '/usr/local/lib' }
836 error Please try running this command again as root/Administrator.
837 verbose exit [ -13, true ]
